<?xml version="1.0" encoding="UTF-8"?>
<robot generator="Robot 5.0.1 (Python 3.10.6 on linux)" generated="20221031 12:00:01.884" rpa="false" schemaversion="3">
<suite id="s1" name="BLE datc" source="/home/eddie/workspace/msdk/.github/workflows/ci-tests/Examples_tests/tests/BLE_datc.robot">
<kw name="Open Serial Port" library="Serial" type="SETUP">
<arg>${SERIAL_PORT_1}</arg>
<arg>NONE</arg>
<kw name="Add Port" library="SerialLibrary">
<arg>${SERIAL_PORT_1}</arg>
<arg>baudrate=115200</arg>
<arg>bytesize=8</arg>
<arg>parity=N</arg>
<arg>stopbits=1</arg>
<arg>timeout=999</arg>
<doc>Adds new port with specified locator.</doc>
<status status="PASS" starttime="20221031 12:00:01.926" endtime="20221031 12:00:01.928"/>
</kw>
<if>
<branch type="IF" condition="&quot;${SERIAL_PORT_2}&quot; != &quot;NONE&quot;">
<kw name="Add Port" library="SerialLibrary">
<arg>${SERIAL_PORT_2}</arg>
<arg>baudrate=115200</arg>
<arg>bytesize=8</arg>
<arg>parity=N</arg>
<arg>stopbits=1</arg>
<arg>timeout=999</arg>
<doc>Adds new port with specified locator.</doc>
<status status="NOT RUN" starttime="20221031 12:00:01.928" endtime="20221031 12:00:01.928"/>
</kw>
<status status="NOT RUN" starttime="20221031 12:00:01.928" endtime="20221031 12:00:01.928"/>
</branch>
<status status="PASS" starttime="20221031 12:00:01.928" endtime="20221031 12:00:01.929"/>
</if>
<status status="PASS" starttime="20221031 12:00:01.926" endtime="20221031 12:00:01.929"/>
</kw>
<test id="s1-t1" name="Stop Scanning Test" line="13">
<kw name="Sleep" library="BuiltIn">
<arg>5s</arg>
<doc>Pauses the test executed for the given time.</doc>
<msg timestamp="20221031 12:00:06.931" level="INFO">Slept 5 seconds</msg>
<status status="PASS" starttime="20221031 12:00:01.930" endtime="20221031 12:00:06.931"/>
</kw>
<kw name="Send" library="Serial">
<arg>btn 1 s\n</arg>
<arg>${SERIAL_PORT_1}</arg>
<kw name="Write Data" library="SerialLibrary">
<arg>${data}</arg>
<arg>NONE</arg>
<arg>NONE</arg>
<arg>${port}</arg>
<doc>Writes data into the port.</doc>
<status status="PASS" starttime="20221031 12:00:06.932" endtime="20221031 12:00:06.932"/>
</kw>
<status status="PASS" starttime="20221031 12:00:06.931" endtime="20221031 12:00:06.932"/>
</kw>
<kw name="Expect And Timeout" library="Serial">
<arg>&gt;&gt;&gt; Scanning stopped &lt;&lt;&lt;</arg>
<arg>10s</arg>
<arg>${SERIAL_PORT_1}</arg>
<kw name="Read Until" library="SerialLibrary">
<var>${read}</var>
<arg>${data}</arg>
<arg>NONE</arg>
<arg>NONE</arg>
<arg>${port}</arg>
<doc>Read until a termination sequence is found, size exceeded or timeout.</doc>
<msg timestamp="20221031 12:00:06.960" level="INFO">${read} = 
terminal: init
32kHz trimmed to 0x15
DatcHandlerInit
Datc got evt 32
&gt;&gt;&gt; Reset complete &lt;&lt;&lt;
Datc got evt 21
Database hash updated
Datc got evt 153
dmDevPassEvtToDevPriv: event: 12, param: 36...</msg>
<status status="PASS" starttime="20221031 12:00:06.933" endtime="20221031 12:00:06.960"/>
</kw>
<kw name="Log Serial Traffic" library="Serial">
<arg>${read}</arg>
<kw name="Log To Console" library="BuiltIn">
<arg>\n</arg>
<doc>Logs the given message to the console.</doc>
<status status="PASS" starttime="20221031 12:00:06.961" endtime="20221031 12:00:06.961"/>
</kw>
<kw name="Log To Console" library="BuiltIn">
<arg>${data}</arg>
<doc>Logs the given message to the console.</doc>
<status status="PASS" starttime="20221031 12:00:06.961" endtime="20221031 12:00:06.962"/>
</kw>
<kw name="Log To Console" library="BuiltIn">
<arg>\n</arg>
<doc>Logs the given message to the console.</doc>
<status status="PASS" starttime="20221031 12:00:06.962" endtime="20221031 12:00:06.962"/>
</kw>
<status status="PASS" starttime="20221031 12:00:06.960" endtime="20221031 12:00:06.962"/>
</kw>
<timeout value="10 seconds"/>
<status status="PASS" starttime="20221031 12:00:06.932" endtime="20221031 12:00:06.962"/>
</kw>
<timeout value="30 seconds"/>
<status status="PASS" starttime="20221031 12:00:01.929" endtime="20221031 12:00:06.963"/>
</test>
<test id="s1-t2" name="Button Press Test" line="20">
<kw name="Send" library="Serial">
<arg>btn 1 m\n</arg>
<arg>${SERIAL_PORT_1}</arg>
<kw name="Write Data" library="SerialLibrary">
<arg>${data}</arg>
<arg>NONE</arg>
<arg>NONE</arg>
<arg>${port}</arg>
<doc>Writes data into the port.</doc>
<status status="PASS" starttime="20221031 12:00:06.964" endtime="20221031 12:00:06.965"/>
</kw>
<status status="PASS" starttime="20221031 12:00:06.964" endtime="20221031 12:00:06.965"/>
</kw>
<kw name="Expect And Timeout" library="Serial">
<arg>Medium Button 1 Press</arg>
<arg>5s</arg>
<arg>${SERIAL_PORT_1}</arg>
<kw name="Read Until" library="SerialLibrary">
<var>${read}</var>
<arg>${data}</arg>
<arg>NONE</arg>
<arg>NONE</arg>
<arg>${port}</arg>
<doc>Read until a termination sequence is found, size exceeded or timeout.</doc>
<msg timestamp="20221031 12:00:06.987" level="INFO">${read} = 
btn 1 m
Medium Button 1 Press</msg>
<status status="PASS" starttime="20221031 12:00:06.966" endtime="20221031 12:00:06.987"/>
</kw>
<kw name="Log Serial Traffic" library="Serial">
<arg>${read}</arg>
<kw name="Log To Console" library="BuiltIn">
<arg>\n</arg>
<doc>Logs the given message to the console.</doc>
<status status="PASS" starttime="20221031 12:00:06.988" endtime="20221031 12:00:06.988"/>
</kw>
<kw name="Log To Console" library="BuiltIn">
<arg>${data}</arg>
<doc>Logs the given message to the console.</doc>
<status status="PASS" starttime="20221031 12:00:06.988" endtime="20221031 12:00:06.988"/>
</kw>
<kw name="Log To Console" library="BuiltIn">
<arg>\n</arg>
<doc>Logs the given message to the console.</doc>
<status status="PASS" starttime="20221031 12:00:06.989" endtime="20221031 12:00:06.989"/>
</kw>
<status status="PASS" starttime="20221031 12:00:06.987" endtime="20221031 12:00:06.989"/>
</kw>
<timeout value="5 seconds"/>
<status status="PASS" starttime="20221031 12:00:06.965" endtime="20221031 12:00:06.989"/>
</kw>
<timeout value="30 seconds"/>
<status status="PASS" starttime="20221031 12:00:06.963" endtime="20221031 12:00:06.989"/>
</test>
<test id="s1-t3" name="No button Action Test" line="25">
<kw name="Send" library="Serial">
<arg>btn 2 s\n</arg>
<arg>${SERIAL_PORT_1}</arg>
<kw name="Write Data" library="SerialLibrary">
<arg>${data}</arg>
<arg>NONE</arg>
<arg>NONE</arg>
<arg>${port}</arg>
<doc>Writes data into the port.</doc>
<status status="PASS" starttime="20221031 12:00:06.991" endtime="20221031 12:00:06.991"/>
</kw>
<status status="PASS" starttime="20221031 12:00:06.990" endtime="20221031 12:00:06.991"/>
</kw>
<kw name="Expect And Timeout" library="Serial">
<arg>No action assigned</arg>
<arg>5s</arg>
<arg>${SERIAL_PORT_1}</arg>
<kw name="Read Until" library="SerialLibrary">
<var>${read}</var>
<arg>${data}</arg>
<arg>NONE</arg>
<arg>NONE</arg>
<arg>${port}</arg>
<doc>Read until a termination sequence is found, size exceeded or timeout.</doc>
<msg timestamp="20221031 12:00:07.003" level="INFO">${read} = 
ConnID for Button Press: 2
&gt; btn 2 s
Short Button 2 Press
 - No action assigned</msg>
<status status="PASS" starttime="20221031 12:00:06.992" endtime="20221031 12:00:07.003"/>
</kw>
<kw name="Log Serial Traffic" library="Serial">
<arg>${read}</arg>
<kw name="Log To Console" library="BuiltIn">
<arg>\n</arg>
<doc>Logs the given message to the console.</doc>
<status status="PASS" starttime="20221031 12:00:07.004" endtime="20221031 12:00:07.005"/>
</kw>
<kw name="Log To Console" library="BuiltIn">
<arg>${data}</arg>
<doc>Logs the given message to the console.</doc>
<status status="PASS" starttime="20221031 12:00:07.005" endtime="20221031 12:00:07.005"/>
</kw>
<kw name="Log To Console" library="BuiltIn">
<arg>\n</arg>
<doc>Logs the given message to the console.</doc>
<status status="PASS" starttime="20221031 12:00:07.005" endtime="20221031 12:00:07.005"/>
</kw>
<status status="PASS" starttime="20221031 12:00:07.003" endtime="20221031 12:00:07.006"/>
</kw>
<timeout value="5 seconds"/>
<status status="PASS" starttime="20221031 12:00:06.992" endtime="20221031 12:00:07.006"/>
</kw>
<timeout value="30 seconds"/>
<status status="PASS" starttime="20221031 12:00:06.990" endtime="20221031 12:00:07.006"/>
</test>
<test id="s1-t4" name="Clearing Bond Info Test" line="30">
<kw name="Send" library="Serial">
<arg>btn 1 l\n</arg>
<arg>${SERIAL_PORT_1}</arg>
<kw name="Write Data" library="SerialLibrary">
<arg>${data}</arg>
<arg>NONE</arg>
<arg>NONE</arg>
<arg>${port}</arg>
<doc>Writes data into the port.</doc>
<status status="PASS" starttime="20221031 12:00:07.008" endtime="20221031 12:00:07.008"/>
</kw>
<status status="PASS" starttime="20221031 12:00:07.007" endtime="20221031 12:00:07.008"/>
</kw>
<kw name="Expect And Timeout" library="Serial">
<arg>Clear bonding info</arg>
<arg>10s</arg>
<arg>${SERIAL_PORT_1}</arg>
<kw name="Read Until" library="SerialLibrary">
<var>${read}</var>
<arg>${data}</arg>
<arg>NONE</arg>
<arg>NONE</arg>
<arg>${port}</arg>
<doc>Read until a termination sequence is found, size exceeded or timeout.</doc>
<msg timestamp="20221031 12:00:07.030" level="INFO">${read} = 
&gt; btn 1 l
Long Button 1 Press
Clear bonding info</msg>
<status status="PASS" starttime="20221031 12:00:07.009" endtime="20221031 12:00:07.030"/>
</kw>
<kw name="Log Serial Traffic" library="Serial">
<arg>${read}</arg>
<kw name="Log To Console" library="BuiltIn">
<arg>\n</arg>
<doc>Logs the given message to the console.</doc>
<status status="PASS" starttime="20221031 12:00:07.031" endtime="20221031 12:00:07.031"/>
</kw>
<kw name="Log To Console" library="BuiltIn">
<arg>${data}</arg>
<doc>Logs the given message to the console.</doc>
<status status="PASS" starttime="20221031 12:00:07.031" endtime="20221031 12:00:07.032"/>
</kw>
<kw name="Log To Console" library="BuiltIn">
<arg>\n</arg>
<doc>Logs the given message to the console.</doc>
<status status="PASS" starttime="20221031 12:00:07.032" endtime="20221031 12:00:07.032"/>
</kw>
<status status="PASS" starttime="20221031 12:00:07.030" endtime="20221031 12:00:07.032"/>
</kw>
<timeout value="10 seconds"/>
<status status="PASS" starttime="20221031 12:00:07.008" endtime="20221031 12:00:07.032"/>
</kw>
<timeout value="30 seconds"/>
<status status="PASS" starttime="20221031 12:00:07.006" endtime="20221031 12:00:07.033"/>
</test>
<kw name="Close Serial Port" library="Serial" type="TEARDOWN">
<kw name="Delete All Ports" library="SerialLibrary">
<doc>Deletes all ports maintained in the library instance.</doc>
<status status="PASS" starttime="20221031 12:00:07.034" endtime="20221031 12:00:07.038"/>
</kw>
<status status="PASS" starttime="20221031 12:00:07.033" endtime="20221031 12:00:07.038"/>
</kw>
<status status="PASS" starttime="20221031 12:00:01.885" endtime="20221031 12:00:07.038"/>
</suite>
<statistics>
<total>
<stat pass="4" fail="0" skip="0">All Tests</stat>
</total>
<tag>
</tag>
<suite>
<stat pass="4" fail="0" skip="0" id="s1" name="BLE datc">BLE datc</stat>
</suite>
</statistics>
<errors>
</errors>
</robot>
