<?xml version="1.0" encoding="UTF-8"?>
<robot generator="Robot 5.0.1 (Python 3.8.10 on linux)" generated="20220928 14:52:13.145" rpa="false" schemaversion="3">
<suite id="s1" name="BLE otac" source="/home/btm-ci/Workspace/BLE-examples-test/Examples_tests/tests/BLE_otac.robot">
<kw name="Open Serial Port" library="Serial" type="SETUP">
<arg>${SERIAL_PORT_1}</arg>
<arg>NONE</arg>
<kw name="Add Port" library="SerialLibrary">
<arg>${SERIAL_PORT_1}</arg>
<arg>baudrate=115200</arg>
<arg>bytesize=8</arg>
<arg>parity=N</arg>
<arg>stopbits=1</arg>
<arg>timeout=999</arg>
<doc>Adds new port with specified locator.</doc>
<status status="PASS" starttime="20220928 14:52:13.208" endtime="20220928 14:52:13.211"/>
</kw>
<if>
<branch type="IF" condition="&quot;${SERIAL_PORT_2}&quot; != &quot;NONE&quot;">
<kw name="Add Port" library="SerialLibrary">
<arg>${SERIAL_PORT_2}</arg>
<arg>baudrate=115200</arg>
<arg>bytesize=8</arg>
<arg>parity=N</arg>
<arg>stopbits=1</arg>
<arg>timeout=999</arg>
<doc>Adds new port with specified locator.</doc>
<status status="NOT RUN" starttime="20220928 14:52:13.212" endtime="20220928 14:52:13.212"/>
</kw>
<status status="NOT RUN" starttime="20220928 14:52:13.211" endtime="20220928 14:52:13.212"/>
</branch>
<status status="PASS" starttime="20220928 14:52:13.211" endtime="20220928 14:52:13.212"/>
</if>
<status status="PASS" starttime="20220928 14:52:13.208" endtime="20220928 14:52:13.212"/>
</kw>
<test id="s1-t1" name="Stop Scanning Test" line="13">
<kw name="Sleep" library="BuiltIn">
<arg>5s</arg>
<doc>Pauses the test executed for the given time.</doc>
<msg timestamp="20220928 14:52:18.214" level="INFO">Slept 5 seconds</msg>
<status status="PASS" starttime="20220928 14:52:13.213" endtime="20220928 14:52:18.214"/>
</kw>
<kw name="Send" library="Serial">
<arg>btn 1 s\n</arg>
<arg>${SERIAL_PORT_1}</arg>
<kw name="Write Data" library="SerialLibrary">
<arg>${data}</arg>
<arg>NONE</arg>
<arg>NONE</arg>
<arg>${port}</arg>
<doc>Writes data into the port.</doc>
<status status="PASS" starttime="20220928 14:52:18.215" endtime="20220928 14:52:18.216"/>
</kw>
<status status="PASS" starttime="20220928 14:52:18.214" endtime="20220928 14:52:18.216"/>
</kw>
<kw name="Expect And Timeout" library="Serial">
<arg>&gt;&gt;&gt; Scanning stopped &lt;&lt;&lt;</arg>
<arg>5s</arg>
<arg>${SERIAL_PORT_1}</arg>
<kw name="Read Until" library="SerialLibrary">
<var>${read}</var>
<arg>${data}</arg>
<arg>NONE</arg>
<arg>NONE</arg>
<arg>${port}</arg>
<doc>Read until a termination sequence is found, size exceeded or timeout.</doc>
<msg timestamp="20220928 14:52:18.244" level="INFO">${read} = terminal: init
32kHz trimmed to 0x15
DatcHandlerInit
File addr: 100258F0 file size: 000313B0
Update File CRC: 0x1571F3A6
WDXC: WdxcHandlerInit
&gt;&gt;&gt; Reset complete &lt;&lt;&lt;
Database hash updated
dmDe...</msg>
<status status="PASS" starttime="20220928 14:52:18.217" endtime="20220928 14:52:18.244"/>
</kw>
<kw name="Log Serial Traffic" library="Serial">
<arg>${read}</arg>
<kw name="Log To Console" library="BuiltIn">
<arg>\n</arg>
<doc>Logs the given message to the console.</doc>
<status status="PASS" starttime="20220928 14:52:18.245" endtime="20220928 14:52:18.246"/>
</kw>
<kw name="Log To Console" library="BuiltIn">
<arg>${data}</arg>
<doc>Logs the given message to the console.</doc>
<status status="PASS" starttime="20220928 14:52:18.246" endtime="20220928 14:52:18.246"/>
</kw>
<kw name="Log To Console" library="BuiltIn">
<arg>\n</arg>
<doc>Logs the given message to the console.</doc>
<status status="PASS" starttime="20220928 14:52:18.247" endtime="20220928 14:52:18.247"/>
</kw>
<status status="PASS" starttime="20220928 14:52:18.244" endtime="20220928 14:52:18.247"/>
</kw>
<timeout value="5 seconds"/>
<status status="PASS" starttime="20220928 14:52:18.216" endtime="20220928 14:52:18.248"/>
</kw>
<timeout value="30 seconds"/>
<status status="PASS" starttime="20220928 14:52:13.213" endtime="20220928 14:52:18.248"/>
</test>
<test id="s1-t2" name="Connection ID Test" line="20">
<kw name="Send" library="Serial">
<arg>btn 1 m\n</arg>
<arg>${SERIAL_PORT_1}</arg>
<kw name="Write Data" library="SerialLibrary">
<arg>${data}</arg>
<arg>NONE</arg>
<arg>NONE</arg>
<arg>${port}</arg>
<doc>Writes data into the port.</doc>
<status status="PASS" starttime="20220928 14:52:18.250" endtime="20220928 14:52:18.251"/>
</kw>
<status status="PASS" starttime="20220928 14:52:18.249" endtime="20220928 14:52:18.251"/>
</kw>
<kw name="Expect And Timeout" library="Serial">
<arg>ConnID for Button Press:</arg>
<arg>5s</arg>
<arg>${SERIAL_PORT_1}</arg>
<kw name="Read Until" library="SerialLibrary">
<var>${read}</var>
<arg>${data}</arg>
<arg>NONE</arg>
<arg>NONE</arg>
<arg>${port}</arg>
<doc>Read until a termination sequence is found, size exceeded or timeout.</doc>
<msg timestamp="20220928 14:52:18.273" level="INFO">${read} = 
btn 1 m
Medium Button 1 Press
ConnID for Button Press:</msg>
<status status="PASS" starttime="20220928 14:52:18.252" endtime="20220928 14:52:18.273"/>
</kw>
<kw name="Log Serial Traffic" library="Serial">
<arg>${read}</arg>
<kw name="Log To Console" library="BuiltIn">
<arg>\n</arg>
<doc>Logs the given message to the console.</doc>
<status status="PASS" starttime="20220928 14:52:18.274" endtime="20220928 14:52:18.275"/>
</kw>
<kw name="Log To Console" library="BuiltIn">
<arg>${data}</arg>
<doc>Logs the given message to the console.</doc>
<status status="PASS" starttime="20220928 14:52:18.275" endtime="20220928 14:52:18.275"/>
</kw>
<kw name="Log To Console" library="BuiltIn">
<arg>\n</arg>
<doc>Logs the given message to the console.</doc>
<status status="PASS" starttime="20220928 14:52:18.275" endtime="20220928 14:52:18.276"/>
</kw>
<status status="PASS" starttime="20220928 14:52:18.273" endtime="20220928 14:52:18.276"/>
</kw>
<timeout value="5 seconds"/>
<status status="PASS" starttime="20220928 14:52:18.251" endtime="20220928 14:52:18.276"/>
</kw>
<timeout value="30 seconds"/>
<status status="PASS" starttime="20220928 14:52:18.248" endtime="20220928 14:52:18.277"/>
</test>
<test id="s1-t3" name="Clear Resolving List Test" line="25">
<kw name="Send" library="Serial">
<arg>btn 1 l\n</arg>
<arg>${SERIAL_PORT_1}</arg>
<kw name="Write Data" library="SerialLibrary">
<arg>${data}</arg>
<arg>NONE</arg>
<arg>NONE</arg>
<arg>${port}</arg>
<doc>Writes data into the port.</doc>
<status status="PASS" starttime="20220928 14:52:18.279" endtime="20220928 14:52:18.279"/>
</kw>
<status status="PASS" starttime="20220928 14:52:18.278" endtime="20220928 14:52:18.280"/>
</kw>
<kw name="Expect And Timeout" library="Serial">
<arg>Clear resolving list status 0x00</arg>
<arg>5s</arg>
<arg>${SERIAL_PORT_1}</arg>
<kw name="Read Until" library="SerialLibrary">
<var>${read}</var>
<arg>${data}</arg>
<arg>NONE</arg>
<arg>NONE</arg>
<arg>${port}</arg>
<doc>Read until a termination sequence is found, size exceeded or timeout.</doc>
<msg timestamp="20220928 14:52:18.303" level="INFO">${read} =  2
&gt; btn 1 l
Long Button 1 Press
Clear bonding info
&gt; Clear resolving list status 0x00</msg>
<status status="PASS" starttime="20220928 14:52:18.281" endtime="20220928 14:52:18.303"/>
</kw>
<kw name="Log Serial Traffic" library="Serial">
<arg>${read}</arg>
<kw name="Log To Console" library="BuiltIn">
<arg>\n</arg>
<doc>Logs the given message to the console.</doc>
<status status="PASS" starttime="20220928 14:52:18.303" endtime="20220928 14:52:18.304"/>
</kw>
<kw name="Log To Console" library="BuiltIn">
<arg>${data}</arg>
<doc>Logs the given message to the console.</doc>
<status status="PASS" starttime="20220928 14:52:18.304" endtime="20220928 14:52:18.305"/>
</kw>
<kw name="Log To Console" library="BuiltIn">
<arg>\n</arg>
<doc>Logs the given message to the console.</doc>
<status status="PASS" starttime="20220928 14:52:18.305" endtime="20220928 14:52:18.305"/>
</kw>
<status status="PASS" starttime="20220928 14:52:18.303" endtime="20220928 14:52:18.306"/>
</kw>
<timeout value="5 seconds"/>
<status status="PASS" starttime="20220928 14:52:18.280" endtime="20220928 14:52:18.306"/>
</kw>
<timeout value="30 seconds"/>
<status status="PASS" starttime="20220928 14:52:18.277" endtime="20220928 14:52:18.306"/>
</test>
<kw name="Close Serial Port" library="Serial" type="TEARDOWN">
<kw name="Delete All Ports" library="SerialLibrary">
<doc>Deletes all ports maintained in the library instance.</doc>
<status status="PASS" starttime="20220928 14:52:18.307" endtime="20220928 14:52:18.315"/>
</kw>
<status status="PASS" starttime="20220928 14:52:18.307" endtime="20220928 14:52:18.316"/>
</kw>
<status status="PASS" starttime="20220928 14:52:13.147" endtime="20220928 14:52:18.316"/>
</suite>
<statistics>
<total>
<stat pass="3" fail="0" skip="0">All Tests</stat>
</total>
<tag>
</tag>
<suite>
<stat pass="3" fail="0" skip="0" id="s1" name="BLE otac">BLE otac</stat>
</suite>
</statistics>
<errors>
</errors>
</robot>
