<?xml version="1.0" encoding="UTF-8"?>
<robot generator="Robot 5.0.1 (Python 3.8.10 on linux)" generated="20220928 14:55:43.711" rpa="false" schemaversion="3">
<suite id="s1" name="BLE ota cs" source="/home/btm-ci/Workspace/BLE-examples-test/Examples_tests/tests/BLE_ota_cs.robot">
<kw name="Open Serial Port" library="Serial" type="SETUP">
<arg>${SERIAL_PORT_1}</arg>
<arg>NONE</arg>
<kw name="Add Port" library="SerialLibrary">
<arg>${SERIAL_PORT_1}</arg>
<arg>baudrate=115200</arg>
<arg>bytesize=8</arg>
<arg>parity=N</arg>
<arg>stopbits=1</arg>
<arg>timeout=999</arg>
<doc>Adds new port with specified locator.</doc>
<status status="PASS" starttime="20220928 14:55:43.776" endtime="20220928 14:55:43.779"/>
</kw>
<if>
<branch type="IF" condition="&quot;${SERIAL_PORT_2}&quot; != &quot;NONE&quot;">
<kw name="Add Port" library="SerialLibrary">
<arg>${SERIAL_PORT_2}</arg>
<arg>baudrate=115200</arg>
<arg>bytesize=8</arg>
<arg>parity=N</arg>
<arg>stopbits=1</arg>
<arg>timeout=999</arg>
<doc>Adds new port with specified locator.</doc>
<status status="NOT RUN" starttime="20220928 14:55:43.779" endtime="20220928 14:55:43.779"/>
</kw>
<status status="NOT RUN" starttime="20220928 14:55:43.779" endtime="20220928 14:55:43.779"/>
</branch>
<status status="PASS" starttime="20220928 14:55:43.779" endtime="20220928 14:55:43.779"/>
</if>
<status status="PASS" starttime="20220928 14:55:43.776" endtime="20220928 14:55:43.780"/>
</kw>
<test id="s1-t1" name="File Discovery Test" line="13">
<kw name="Sleep" library="BuiltIn">
<arg>5s</arg>
<doc>Pauses the test executed for the given time.</doc>
<msg timestamp="20220928 14:55:48.781" level="INFO">Slept 5 seconds</msg>
<status status="PASS" starttime="20220928 14:55:43.781" endtime="20220928 14:55:48.782"/>
</kw>
<kw name="Send" library="Serial">
<arg>btn 2 s\n</arg>
<arg>${SERIAL_PORT_1}</arg>
<kw name="Write Data" library="SerialLibrary">
<arg>${data}</arg>
<arg>NONE</arg>
<arg>NONE</arg>
<arg>${port}</arg>
<doc>Writes data into the port.</doc>
<status status="PASS" starttime="20220928 14:55:48.783" endtime="20220928 14:55:48.784"/>
</kw>
<status status="PASS" starttime="20220928 14:55:48.782" endtime="20220928 14:55:48.784"/>
</kw>
<kw name="Expect And Timeout" library="Serial">
<arg>&gt;&gt;&gt; File discovery complete &lt;&lt;&lt;</arg>
<arg>5s</arg>
<arg>${SERIAL_PORT_1}</arg>
<kw name="Read Until" library="SerialLibrary">
<var>${read}</var>
<arg>${data}</arg>
<arg>NONE</arg>
<arg>NONE</arg>
<arg>${port}</arg>
<doc>Read until a termination sequence is found, size exceeded or timeout.</doc>
<msg timestamp="20220928 14:55:48.828" level="INFO">${read} = 
btn 2 s
Short Button 2 Press
&gt; WDXC file transfer control.
FTC op: 2 status: 0
WDXC file transfer control.
FTC op: 10 status: 0
&gt;&gt;&gt; File discovery complete &lt;&lt;&lt;</msg>
<status status="PASS" starttime="20220928 14:55:48.786" endtime="20220928 14:55:48.828"/>
</kw>
<kw name="Log Serial Traffic" library="Serial">
<arg>${read}</arg>
<kw name="Log To Console" library="BuiltIn">
<arg>\n</arg>
<doc>Logs the given message to the console.</doc>
<status status="PASS" starttime="20220928 14:55:48.829" endtime="20220928 14:55:48.829"/>
</kw>
<kw name="Log To Console" library="BuiltIn">
<arg>${data}</arg>
<doc>Logs the given message to the console.</doc>
<status status="PASS" starttime="20220928 14:55:48.830" endtime="20220928 14:55:48.830"/>
</kw>
<kw name="Log To Console" library="BuiltIn">
<arg>\n</arg>
<doc>Logs the given message to the console.</doc>
<status status="PASS" starttime="20220928 14:55:48.831" endtime="20220928 14:55:48.831"/>
</kw>
<status status="PASS" starttime="20220928 14:55:48.828" endtime="20220928 14:55:48.831"/>
</kw>
<timeout value="5 seconds"/>
<status status="PASS" starttime="20220928 14:55:48.785" endtime="20220928 14:55:48.832"/>
</kw>
<timeout value="30 seconds"/>
<status status="PASS" starttime="20220928 14:55:43.780" endtime="20220928 14:55:48.832"/>
</test>
<test id="s1-t2" name="File Transfer Test" line="20">
<kw name="Send" library="Serial">
<arg>btn 2 m\n</arg>
<arg>${SERIAL_PORT_1}</arg>
<kw name="Write Data" library="SerialLibrary">
<arg>${data}</arg>
<arg>NONE</arg>
<arg>NONE</arg>
<arg>${port}</arg>
<doc>Writes data into the port.</doc>
<status status="PASS" starttime="20220928 14:55:48.835" endtime="20220928 14:55:48.835"/>
</kw>
<status status="PASS" starttime="20220928 14:55:48.834" endtime="20220928 14:55:48.836"/>
</kw>
<kw name="Expect And Timeout No Verbose" library="Serial">
<arg>&gt;&gt;&gt; File transfer complete</arg>
<arg>20s</arg>
<arg>${SERIAL_PORT_1}</arg>
<kw name="Read Until" library="SerialLibrary">
<var>${read}</var>
<arg>${data}</arg>
<arg>NONE</arg>
<arg>NONE</arg>
<arg>${port}</arg>
<doc>Read until a termination sequence is found, size exceeded or timeout.</doc>
<msg timestamp="20220928 14:55:52.853" level="INFO">${read} = 

btn 2 m
Medium Button 2 Press
&gt; WDXC file transfer control.
FTC op: 4 status: 0
&gt;&gt;&gt; Starting file transfer &lt;&lt;&lt;

flowDisabled=1 handle=0
flowDisabled=0 handle=0
flowDisabled=1 handle=0
flowD...</msg>
<status status="PASS" starttime="20220928 14:55:48.837" endtime="20220928 14:55:52.854"/>
</kw>
<timeout value="20 seconds"/>
<status status="PASS" starttime="20220928 14:55:48.836" endtime="20220928 14:55:52.854"/>
</kw>
<timeout value="30 seconds"/>
<status status="PASS" starttime="20220928 14:55:48.833" endtime="20220928 14:55:52.854"/>
</test>
<test id="s1-t3" name="File Verification Test" line="25">
<kw name="Send" library="Serial">
<arg>btn 2 l\n</arg>
<arg>${SERIAL_PORT_1}</arg>
<kw name="Write Data" library="SerialLibrary">
<arg>${data}</arg>
<arg>NONE</arg>
<arg>NONE</arg>
<arg>${port}</arg>
<doc>Writes data into the port.</doc>
<status status="PASS" starttime="20220928 14:55:52.858" endtime="20220928 14:55:52.859"/>
</kw>
<status status="PASS" starttime="20220928 14:55:52.856" endtime="20220928 14:55:52.859"/>
</kw>
<kw name="Expect And Timeout" library="Serial">
<arg>&gt;&gt;&gt; Verify complete status: 0 &lt;&lt;&lt;</arg>
<arg>2s</arg>
<arg>${SERIAL_PORT_1}</arg>
<kw name="Read Until" library="SerialLibrary">
<var>${read}</var>
<arg>${data}</arg>
<arg>NONE</arg>
<arg>NONE</arg>
<arg>${port}</arg>
<doc>Read until a termination sequence is found, size exceeded or timeout.</doc>
<msg timestamp="20220928 14:55:52.895" level="INFO">${read} =  3412239 us &lt;&lt;&lt;

file_size = 201648 usec = 3412239 bps = 472792

flowDisabled=0 handle=0
btn 2 l
Long Button 2 Press
&gt; WDXC file transfer control.
FTC op: 8 status: 0
&gt;&gt;&gt; Verify complete status...</msg>
<status status="PASS" starttime="20220928 14:55:52.861" endtime="20220928 14:55:52.895"/>
</kw>
<kw name="Log Serial Traffic" library="Serial">
<arg>${read}</arg>
<kw name="Log To Console" library="BuiltIn">
<arg>\n</arg>
<doc>Logs the given message to the console.</doc>
<status status="PASS" starttime="20220928 14:55:52.896" endtime="20220928 14:55:52.897"/>
</kw>
<kw name="Log To Console" library="BuiltIn">
<arg>${data}</arg>
<doc>Logs the given message to the console.</doc>
<status status="PASS" starttime="20220928 14:55:52.897" endtime="20220928 14:55:52.898"/>
</kw>
<kw name="Log To Console" library="BuiltIn">
<arg>\n</arg>
<doc>Logs the given message to the console.</doc>
<status status="PASS" starttime="20220928 14:55:52.898" endtime="20220928 14:55:52.899"/>
</kw>
<status status="PASS" starttime="20220928 14:55:52.895" endtime="20220928 14:55:52.899"/>
</kw>
<timeout value="2 seconds"/>
<status status="PASS" starttime="20220928 14:55:52.859" endtime="20220928 14:55:52.899"/>
</kw>
<timeout value="30 seconds"/>
<status status="PASS" starttime="20220928 14:55:52.855" endtime="20220928 14:55:52.900"/>
</test>
<test id="s1-t4" name="Peer Device Reset Test" line="30">
<kw name="Send" library="Serial">
<arg>btn 2 x\n</arg>
<arg>${SERIAL_PORT_1}</arg>
<kw name="Write Data" library="SerialLibrary">
<arg>${data}</arg>
<arg>NONE</arg>
<arg>NONE</arg>
<arg>${port}</arg>
<doc>Writes data into the port.</doc>
<status status="PASS" starttime="20220928 14:55:52.902" endtime="20220928 14:55:52.903"/>
</kw>
<status status="PASS" starttime="20220928 14:55:52.902" endtime="20220928 14:55:52.904"/>
</kw>
<kw name="Expect And Timeout" library="Serial">
<arg>&gt;&gt;&gt; Scanning started &lt;&lt;&lt;</arg>
<arg>3s</arg>
<arg>${SERIAL_PORT_1}</arg>
<kw name="Read Until" library="SerialLibrary">
<var>${read}</var>
<arg>${data}</arg>
<arg>NONE</arg>
<arg>NONE</arg>
<arg>${port}</arg>
<doc>Read until a termination sequence is found, size exceeded or timeout.</doc>
<msg timestamp="20220928 14:55:53.454" level="INFO">${read} = 

btn 2 x
XL Button 2 Press
&gt; dmConnSmExecute event=29 state=3
dmConnCcbDealloc 1
dmDevPassEvtToDevPriv: event: 13, param: 40, advHandle: 0
smpDbGetRecord: connId: 1 type: 0
smpDbAddDevice
Smp...</msg>
<status status="PASS" starttime="20220928 14:55:52.905" endtime="20220928 14:55:53.454"/>
</kw>
<kw name="Log Serial Traffic" library="Serial">
<arg>${read}</arg>
<kw name="Log To Console" library="BuiltIn">
<arg>\n</arg>
<doc>Logs the given message to the console.</doc>
<status status="PASS" starttime="20220928 14:55:53.455" endtime="20220928 14:55:53.456"/>
</kw>
<kw name="Log To Console" library="BuiltIn">
<arg>${data}</arg>
<doc>Logs the given message to the console.</doc>
<status status="PASS" starttime="20220928 14:55:53.456" endtime="20220928 14:55:53.457"/>
</kw>
<kw name="Log To Console" library="BuiltIn">
<arg>\n</arg>
<doc>Logs the given message to the console.</doc>
<status status="PASS" starttime="20220928 14:55:53.457" endtime="20220928 14:55:53.457"/>
</kw>
<status status="PASS" starttime="20220928 14:55:53.454" endtime="20220928 14:55:53.458"/>
</kw>
<timeout value="3 seconds"/>
<status status="PASS" starttime="20220928 14:55:52.904" endtime="20220928 14:55:53.458"/>
</kw>
<timeout value="30 seconds"/>
<status status="PASS" starttime="20220928 14:55:52.901" endtime="20220928 14:55:53.458"/>
</test>
<test id="s1-t5" name="Firmware Update Succesful Test" line="35">
<kw name="Expect And Timeout" library="Serial">
<arg>AppDiscComplete connId:1 status:0x08</arg>
<arg>30s</arg>
<arg>${SERIAL_PORT_1}</arg>
<kw name="Read Until" library="SerialLibrary">
<var>${read}</var>
<arg>${data}</arg>
<arg>NONE</arg>
<arg>NONE</arg>
<arg>${port}</arg>
<doc>Read until a termination sequence is found, size exceeded or timeout.</doc>
<msg timestamp="20220928 14:56:06.932" level="INFO">${read} = 
dmDevPassEvtToDevPriv: event: 13, param: 37, advHandle: 0
Scan results: 10
dmConnIdByBdAddr not found
dmConnCcbAlloc 1
&gt;&gt;&gt; Scanning stopped &lt;&lt;&lt;
dmConnSmExecute event=24 state=0
dmDevPassEvtToD...</msg>
<status status="PASS" starttime="20220928 14:55:53.461" endtime="20220928 14:56:06.932"/>
</kw>
<kw name="Log Serial Traffic" library="Serial">
<arg>${read}</arg>
<kw name="Log To Console" library="BuiltIn">
<arg>\n</arg>
<doc>Logs the given message to the console.</doc>
<status status="PASS" starttime="20220928 14:56:06.933" endtime="20220928 14:56:06.933"/>
</kw>
<kw name="Log To Console" library="BuiltIn">
<arg>${data}</arg>
<doc>Logs the given message to the console.</doc>
<status status="PASS" starttime="20220928 14:56:06.933" endtime="20220928 14:56:06.934"/>
</kw>
<kw name="Log To Console" library="BuiltIn">
<arg>\n</arg>
<doc>Logs the given message to the console.</doc>
<status status="PASS" starttime="20220928 14:56:06.934" endtime="20220928 14:56:06.934"/>
</kw>
<status status="PASS" starttime="20220928 14:56:06.932" endtime="20220928 14:56:06.935"/>
</kw>
<timeout value="30 seconds"/>
<status status="PASS" starttime="20220928 14:55:53.460" endtime="20220928 14:56:06.935"/>
</kw>
<timeout value="1 minute"/>
<status status="PASS" starttime="20220928 14:55:53.459" endtime="20220928 14:56:06.935"/>
</test>
<kw name="Close Serial Port" library="Serial" type="TEARDOWN">
<kw name="Delete All Ports" library="SerialLibrary">
<doc>Deletes all ports maintained in the library instance.</doc>
<status status="PASS" starttime="20220928 14:56:06.936" endtime="20220928 14:56:06.940"/>
</kw>
<status status="PASS" starttime="20220928 14:56:06.936" endtime="20220928 14:56:06.941"/>
</kw>
<status status="PASS" starttime="20220928 14:55:43.712" endtime="20220928 14:56:06.941"/>
</suite>
<statistics>
<total>
<stat pass="5" fail="0" skip="0">All Tests</stat>
</total>
<tag>
</tag>
<suite>
<stat pass="5" fail="0" skip="0" id="s1" name="BLE ota cs">BLE ota cs</stat>
</suite>
</statistics>
<errors>
</errors>
</robot>
