<?xml version="1.0" encoding="UTF-8"?>
<robot generator="Robot 5.0.1 (Python 3.10.6 on linux)" generated="20221028 16:16:42.374" rpa="false" schemaversion="3">
<suite id="s1" name="BLE dat cs" source="/home/eddie/workspace/msdk/Examples_tests/tests/BLE_dat_cs.robot">
<kw name="Open Serial Port" library="Serial" type="SETUP">
<arg>${SERIAL_PORT_1}</arg>
<arg>${SERIAL_PORT_2}</arg>
<kw name="Add Port" library="SerialLibrary">
<arg>${SERIAL_PORT_1}</arg>
<arg>baudrate=115200</arg>
<arg>bytesize=8</arg>
<arg>parity=N</arg>
<arg>stopbits=1</arg>
<arg>timeout=999</arg>
<doc>Adds new port with specified locator.</doc>
<status status="PASS" starttime="20221028 16:16:42.417" endtime="20221028 16:16:42.418"/>
</kw>
<if>
<branch type="IF" condition="&quot;${SERIAL_PORT_2}&quot; != &quot;NONE&quot;">
<kw name="Add Port" library="SerialLibrary">
<arg>${SERIAL_PORT_2}</arg>
<arg>baudrate=115200</arg>
<arg>bytesize=8</arg>
<arg>parity=N</arg>
<arg>stopbits=1</arg>
<arg>timeout=999</arg>
<doc>Adds new port with specified locator.</doc>
<status status="PASS" starttime="20221028 16:16:42.419" endtime="20221028 16:16:42.420"/>
</kw>
<status status="PASS" starttime="20221028 16:16:42.419" endtime="20221028 16:16:42.420"/>
</branch>
<status status="PASS" starttime="20221028 16:16:42.419" endtime="20221028 16:16:42.420"/>
</if>
<status status="PASS" starttime="20221028 16:16:42.416" endtime="20221028 16:16:42.420"/>
</kw>
<test id="s1-t1" name="Secured Connection Test" line="16">
<kw name="Sleep" library="BuiltIn">
<arg>5</arg>
<doc>Pauses the test executed for the given time.</doc>
<msg timestamp="20221028 16:16:47.422" level="INFO">Slept 5 seconds</msg>
<status status="PASS" starttime="20221028 16:16:42.421" endtime="20221028 16:16:47.422"/>
</kw>
<kw name="Send" library="Serial">
<arg>pin 1 1234\n</arg>
<arg>${SERIAL_PORT_2}</arg>
<kw name="Write Data" library="SerialLibrary">
<arg>${data}</arg>
<arg>NONE</arg>
<arg>NONE</arg>
<arg>${port}</arg>
<doc>Writes data into the port.</doc>
<status status="PASS" starttime="20221028 16:16:47.423" endtime="20221028 16:16:47.424"/>
</kw>
<status status="PASS" starttime="20221028 16:16:47.422" endtime="20221028 16:16:47.425"/>
</kw>
<kw name="Sleep" library="BuiltIn">
<arg>2</arg>
<doc>Pauses the test executed for the given time.</doc>
<msg timestamp="20221028 16:16:49.425" level="INFO">Slept 2 seconds</msg>
<status status="PASS" starttime="20221028 16:16:47.425" endtime="20221028 16:16:49.426"/>
</kw>
<kw name="Send" library="Serial">
<arg>pin 1 1234\n</arg>
<arg>${SERIAL_PORT_1}</arg>
<kw name="Write Data" library="SerialLibrary">
<arg>${data}</arg>
<arg>NONE</arg>
<arg>NONE</arg>
<arg>${port}</arg>
<doc>Writes data into the port.</doc>
<status status="PASS" starttime="20221028 16:16:49.427" endtime="20221028 16:16:49.428"/>
</kw>
<status status="PASS" starttime="20221028 16:16:49.426" endtime="20221028 16:16:49.428"/>
</kw>
<kw name="Sleep" library="BuiltIn">
<arg>5</arg>
<doc>Pauses the test executed for the given time.</doc>
<msg timestamp="20221028 16:16:54.429" level="INFO">Slept 5 seconds</msg>
<status status="PASS" starttime="20221028 16:16:49.428" endtime="20221028 16:16:54.429"/>
</kw>
<kw name="Expect And Timeout Simple" library="Serial">
<arg>&gt;&gt;&gt; Pairing completed successfully &lt;&lt;&lt;</arg>
<arg>25</arg>
<arg>${SERIAL_PORT_1}</arg>
<kw name="Read Until" library="SerialLibrary">
<var>${read}</var>
<arg>${data}</arg>
<arg>NONE</arg>
<arg>NONE</arg>
<arg>${port}</arg>
<doc>Read until a termination sequence is found, size exceeded or timeout.</doc>
<msg timestamp="20221028 16:17:19.431" level="FAIL">Keyword timeout 25 seconds exceeded.</msg>
<status status="FAIL" starttime="20221028 16:16:54.431" endtime="20221028 16:17:19.431"/>
</kw>
<kw name="Log Serial Traffic" library="Serial">
<arg>${read}</arg>
<status status="NOT RUN" starttime="20221028 16:17:19.431" endtime="20221028 16:17:19.431"/>
</kw>
<timeout value="25 seconds"/>
<status status="FAIL" starttime="20221028 16:16:54.430" endtime="20221028 16:17:19.432"/>
</kw>
<timeout value="1 minute"/>
<status status="FAIL" starttime="20221028 16:16:42.421" endtime="20221028 16:17:19.432">Keyword timeout 25 seconds exceeded.</status>
</test>
<test id="s1-t2" name="Write Characteristic Test" line="26">
<kw name="Sleep" library="BuiltIn">
<arg>5</arg>
<doc>Pauses the test executed for the given time.</doc>
<msg timestamp="20221028 16:17:24.434" level="INFO">Slept 5 seconds</msg>
<status status="PASS" starttime="20221028 16:17:19.433" endtime="20221028 16:17:24.434"/>
</kw>
<kw name="Send" library="Serial">
<arg>btn 2 l\n</arg>
<arg>${SERIAL_PORT_1}</arg>
<kw name="Write Data" library="SerialLibrary">
<arg>${data}</arg>
<arg>NONE</arg>
<arg>NONE</arg>
<arg>${port}</arg>
<doc>Writes data into the port.</doc>
<status status="PASS" starttime="20221028 16:17:24.435" endtime="20221028 16:17:24.436"/>
</kw>
<status status="PASS" starttime="20221028 16:17:24.434" endtime="20221028 16:17:24.437"/>
</kw>
<kw name="Expect And Timeout" library="Serial">
<arg>hello back</arg>
<arg>5</arg>
<arg>${SERIAL_PORT_1}</arg>
<kw name="Set Variable" library="BuiltIn">
<var>${EMPTY}</var>
<arg>""</arg>
<doc>Returns the given values which can then be assigned to a variables.</doc>
<msg timestamp="20221028 16:17:24.439" level="INFO">${EMPTY} = ""</msg>
<status status="PASS" starttime="20221028 16:17:24.438" endtime="20221028 16:17:24.439"/>
</kw>
<while condition="True" limit="10000">
<iter>
<kw name="Read Until" library="SerialLibrary">
<var>${source}</var>
<arg>NONE</arg>
<arg>NONE</arg>
<arg>NONE</arg>
<arg>${port}</arg>
<doc>Read until a termination sequence is found, size exceeded or timeout.</doc>
<msg timestamp="20221028 16:17:24.440" level="INFO">${source} = btn 2 l
</msg>
<status status="PASS" starttime="20221028 16:17:24.439" endtime="20221028 16:17:24.440"/>
</kw>
<kw name="Log To Console" library="BuiltIn">
<arg>${source}</arg>
<doc>Logs the given message to the console.</doc>
<status status="PASS" starttime="20221028 16:17:24.440" endtime="20221028 16:17:24.441"/>
</kw>
<kw name="Run Keyword And Return Status" library="BuiltIn">
<var>${contains}</var>
<arg>Should Contain</arg>
<arg>${source}</arg>
<arg>${data}</arg>
<doc>Runs the given keyword with given arguments and returns the status as a Boolean value.</doc>
<kw name="Should Contain" library="BuiltIn">
<arg>${source}</arg>
<arg>${data}</arg>
<doc>Fails if ``container`` does not contain ``item`` one or more times.</doc>
<msg timestamp="20221028 16:17:24.443" level="FAIL">'btn 2 l
' does not contain 'hello back'</msg>
<status status="FAIL" starttime="20221028 16:17:24.442" endtime="20221028 16:17:24.443"/>
</kw>
<msg timestamp="20221028 16:17:24.444" level="INFO">${contains} = False</msg>
<status status="PASS" starttime="20221028 16:17:24.441" endtime="20221028 16:17:24.444"/>
</kw>
<if>
<branch type="IF" condition="${contains}">
<kw name="Pass Execution" library="BuiltIn">
<arg>""</arg>
<doc>Skips rest of the current test, setup, or teardown with PASS status.</doc>
<status status="NOT RUN" starttime="20221028 16:17:24.444" endtime="20221028 16:17:24.444"/>
</kw>
<status status="NOT RUN" starttime="20221028 16:17:24.444" endtime="20221028 16:17:24.444"/>
</branch>
<status status="PASS" starttime="20221028 16:17:24.444" endtime="20221028 16:17:24.444"/>
</if>
<status status="PASS" starttime="20221028 16:17:24.439" endtime="20221028 16:17:24.445"/>
</iter>
<iter>
<kw name="Read Until" library="SerialLibrary">
<var>${source}</var>
<arg>NONE</arg>
<arg>NONE</arg>
<arg>NONE</arg>
<arg>${port}</arg>
<doc>Read until a termination sequence is found, size exceeded or timeout.</doc>
<msg timestamp="20221028 16:17:24.465" level="INFO">${source} = Long Button 2 Press
</msg>
<status status="PASS" starttime="20221028 16:17:24.445" endtime="20221028 16:17:24.465"/>
</kw>
<kw name="Log To Console" library="BuiltIn">
<arg>${source}</arg>
<doc>Logs the given message to the console.</doc>
<status status="PASS" starttime="20221028 16:17:24.466" endtime="20221028 16:17:24.466"/>
</kw>
<kw name="Run Keyword And Return Status" library="BuiltIn">
<var>${contains}</var>
<arg>Should Contain</arg>
<arg>${source}</arg>
<arg>${data}</arg>
<doc>Runs the given keyword with given arguments and returns the status as a Boolean value.</doc>
<kw name="Should Contain" library="BuiltIn">
<arg>${source}</arg>
<arg>${data}</arg>
<doc>Fails if ``container`` does not contain ``item`` one or more times.</doc>
<msg timestamp="20221028 16:17:24.468" level="FAIL">'Long Button 2 Press
' does not contain 'hello back'</msg>
<status status="FAIL" starttime="20221028 16:17:24.467" endtime="20221028 16:17:24.468"/>
</kw>
<msg timestamp="20221028 16:17:24.469" level="INFO">${contains} = False</msg>
<status status="PASS" starttime="20221028 16:17:24.467" endtime="20221028 16:17:24.469"/>
</kw>
<if>
<branch type="IF" condition="${contains}">
<kw name="Pass Execution" library="BuiltIn">
<arg>""</arg>
<doc>Skips rest of the current test, setup, or teardown with PASS status.</doc>
<status status="NOT RUN" starttime="20221028 16:17:24.469" endtime="20221028 16:17:24.469"/>
</kw>
<status status="NOT RUN" starttime="20221028 16:17:24.469" endtime="20221028 16:17:24.469"/>
</branch>
<status status="PASS" starttime="20221028 16:17:24.469" endtime="20221028 16:17:24.469"/>
</if>
<status status="PASS" starttime="20221028 16:17:24.445" endtime="20221028 16:17:24.469"/>
</iter>
<iter>
<kw name="Read Until" library="SerialLibrary">
<var>${source}</var>
<arg>NONE</arg>
<arg>NONE</arg>
<arg>NONE</arg>
<arg>${port}</arg>
<doc>Read until a termination sequence is found, size exceeded or timeout.</doc>
<msg timestamp="20221028 16:17:24.470" level="INFO">${source} = &gt; Datc got evt 10
</msg>
<status status="PASS" starttime="20221028 16:17:24.469" endtime="20221028 16:17:24.470"/>
</kw>
<kw name="Log To Console" library="BuiltIn">
<arg>${source}</arg>
<doc>Logs the given message to the console.</doc>
<status status="PASS" starttime="20221028 16:17:24.470" endtime="20221028 16:17:24.471"/>
</kw>
<kw name="Run Keyword And Return Status" library="BuiltIn">
<var>${contains}</var>
<arg>Should Contain</arg>
<arg>${source}</arg>
<arg>${data}</arg>
<doc>Runs the given keyword with given arguments and returns the status as a Boolean value.</doc>
<kw name="Should Contain" library="BuiltIn">
<arg>${source}</arg>
<arg>${data}</arg>
<doc>Fails if ``container`` does not contain ``item`` one or more times.</doc>
<msg timestamp="20221028 16:17:24.472" level="FAIL">'&gt; Datc got evt 10
' does not contain 'hello back'</msg>
<status status="FAIL" starttime="20221028 16:17:24.471" endtime="20221028 16:17:24.472"/>
</kw>
<msg timestamp="20221028 16:17:24.472" level="INFO">${contains} = False</msg>
<status status="PASS" starttime="20221028 16:17:24.471" endtime="20221028 16:17:24.472"/>
</kw>
<if>
<branch type="IF" condition="${contains}">
<kw name="Pass Execution" library="BuiltIn">
<arg>""</arg>
<doc>Skips rest of the current test, setup, or teardown with PASS status.</doc>
<status status="NOT RUN" starttime="20221028 16:17:24.472" endtime="20221028 16:17:24.472"/>
</kw>
<status status="NOT RUN" starttime="20221028 16:17:24.472" endtime="20221028 16:17:24.472"/>
</branch>
<status status="PASS" starttime="20221028 16:17:24.472" endtime="20221028 16:17:24.472"/>
</if>
<status status="PASS" starttime="20221028 16:17:24.469" endtime="20221028 16:17:24.472"/>
</iter>
<iter>
<kw name="Read Until" library="SerialLibrary">
<var>${source}</var>
<arg>NONE</arg>
<arg>NONE</arg>
<arg>NONE</arg>
<arg>${port}</arg>
<doc>Read until a termination sequence is found, size exceeded or timeout.</doc>
<msg timestamp="20221028 16:17:24.473" level="INFO">${source} = Datc got evt 13
</msg>
<status status="PASS" starttime="20221028 16:17:24.473" endtime="20221028 16:17:24.473"/>
</kw>
<kw name="Log To Console" library="BuiltIn">
<arg>${source}</arg>
<doc>Logs the given message to the console.</doc>
<status status="PASS" starttime="20221028 16:17:24.473" endtime="20221028 16:17:24.474"/>
</kw>
<kw name="Run Keyword And Return Status" library="BuiltIn">
<var>${contains}</var>
<arg>Should Contain</arg>
<arg>${source}</arg>
<arg>${data}</arg>
<doc>Runs the given keyword with given arguments and returns the status as a Boolean value.</doc>
<kw name="Should Contain" library="BuiltIn">
<arg>${source}</arg>
<arg>${data}</arg>
<doc>Fails if ``container`` does not contain ``item`` one or more times.</doc>
<msg timestamp="20221028 16:17:24.475" level="FAIL">'Datc got evt 13
' does not contain 'hello back'</msg>
<status status="FAIL" starttime="20221028 16:17:24.474" endtime="20221028 16:17:24.475"/>
</kw>
<msg timestamp="20221028 16:17:24.475" level="INFO">${contains} = False</msg>
<status status="PASS" starttime="20221028 16:17:24.474" endtime="20221028 16:17:24.475"/>
</kw>
<if>
<branch type="IF" condition="${contains}">
<kw name="Pass Execution" library="BuiltIn">
<arg>""</arg>
<doc>Skips rest of the current test, setup, or teardown with PASS status.</doc>
<status status="NOT RUN" starttime="20221028 16:17:24.475" endtime="20221028 16:17:24.475"/>
</kw>
<status status="NOT RUN" starttime="20221028 16:17:24.475" endtime="20221028 16:17:24.475"/>
</branch>
<status status="PASS" starttime="20221028 16:17:24.475" endtime="20221028 16:17:24.475"/>
</if>
<status status="PASS" starttime="20221028 16:17:24.473" endtime="20221028 16:17:24.475"/>
</iter>
<iter>
<kw name="Read Until" library="SerialLibrary">
<var>${source}</var>
<arg>NONE</arg>
<arg>NONE</arg>
<arg>NONE</arg>
<arg>${port}</arg>
<doc>Read until a termination sequence is found, size exceeded or timeout.</doc>
<msg timestamp="20221028 16:17:24.476" level="INFO">${source} = hello back
</msg>
<status status="PASS" starttime="20221028 16:17:24.476" endtime="20221028 16:17:24.476"/>
</kw>
<kw name="Log To Console" library="BuiltIn">
<arg>${source}</arg>
<doc>Logs the given message to the console.</doc>
<status status="PASS" starttime="20221028 16:17:24.476" endtime="20221028 16:17:24.477"/>
</kw>
<kw name="Run Keyword And Return Status" library="BuiltIn">
<var>${contains}</var>
<arg>Should Contain</arg>
<arg>${source}</arg>
<arg>${data}</arg>
<doc>Runs the given keyword with given arguments and returns the status as a Boolean value.</doc>
<kw name="Should Contain" library="BuiltIn">
<arg>${source}</arg>
<arg>${data}</arg>
<doc>Fails if ``container`` does not contain ``item`` one or more times.</doc>
<status status="PASS" starttime="20221028 16:17:24.477" endtime="20221028 16:17:24.477"/>
</kw>
<msg timestamp="20221028 16:17:24.477" level="INFO">${contains} = True</msg>
<status status="PASS" starttime="20221028 16:17:24.477" endtime="20221028 16:17:24.478"/>
</kw>
<if>
<branch type="IF" condition="${contains}">
<kw name="Pass Execution" library="BuiltIn">
<arg>""</arg>
<doc>Skips rest of the current test, setup, or teardown with PASS status.</doc>
<msg timestamp="20221028 16:17:24.478" level="INFO">Execution passed with message:
""</msg>
<status status="PASS" starttime="20221028 16:17:24.478" endtime="20221028 16:17:24.478"/>
</kw>
<status status="PASS" starttime="20221028 16:17:24.478" endtime="20221028 16:17:24.478"/>
</branch>
<status status="PASS" starttime="20221028 16:17:24.478" endtime="20221028 16:17:24.478"/>
</if>
<status status="PASS" starttime="20221028 16:17:24.476" endtime="20221028 16:17:24.478"/>
</iter>
<status status="PASS" starttime="20221028 16:17:24.439" endtime="20221028 16:17:24.478"/>
</while>
<kw name="Fail" library="BuiltIn">
<arg>"Test Failed"</arg>
<doc>Fails the test with the given message and optionally alters its tags.</doc>
<status status="NOT RUN" starttime="20221028 16:17:24.479" endtime="20221028 16:17:24.479"/>
</kw>
<timeout value="5 seconds"/>
<status status="PASS" starttime="20221028 16:17:24.437" endtime="20221028 16:17:24.479"/>
</kw>
<timeout value="30 seconds"/>
<status status="PASS" starttime="20221028 16:17:19.433" endtime="20221028 16:17:24.479">""</status>
</test>
<test id="s1-t3" name="Write Secure Characteristic Test" line="32">
<kw name="Sleep" library="BuiltIn">
<arg>5</arg>
<doc>Pauses the test executed for the given time.</doc>
<msg timestamp="20221028 16:17:29.481" level="INFO">Slept 5 seconds</msg>
<status status="PASS" starttime="20221028 16:17:24.480" endtime="20221028 16:17:29.481"/>
</kw>
<kw name="Send" library="Serial">
<arg>btn 2 m\n</arg>
<arg>${SERIAL_PORT_1}</arg>
<kw name="Write Data" library="SerialLibrary">
<arg>${data}</arg>
<arg>NONE</arg>
<arg>NONE</arg>
<arg>${port}</arg>
<doc>Writes data into the port.</doc>
<status status="PASS" starttime="20221028 16:17:29.482" endtime="20221028 16:17:29.483"/>
</kw>
<status status="PASS" starttime="20221028 16:17:29.481" endtime="20221028 16:17:29.483"/>
</kw>
<kw name="Expect And Timeout" library="Serial">
<arg>Notification from secure data service</arg>
<arg>5</arg>
<arg>${SERIAL_PORT_1}</arg>
<kw name="Set Variable" library="BuiltIn">
<var>${EMPTY}</var>
<arg>""</arg>
<doc>Returns the given values which can then be assigned to a variables.</doc>
<msg timestamp="20221028 16:17:29.485" level="INFO">${EMPTY} = ""</msg>
<status status="PASS" starttime="20221028 16:17:29.485" endtime="20221028 16:17:29.485"/>
</kw>
<while condition="True" limit="10000">
<iter>
<kw name="Read Until" library="SerialLibrary">
<var>${source}</var>
<arg>NONE</arg>
<arg>NONE</arg>
<arg>NONE</arg>
<arg>${port}</arg>
<doc>Read until a termination sequence is found, size exceeded or timeout.</doc>
<msg timestamp="20221028 16:17:29.489" level="INFO">${source} = btn 2 m
</msg>
<status status="PASS" starttime="20221028 16:17:29.486" endtime="20221028 16:17:29.489"/>
</kw>
<kw name="Log To Console" library="BuiltIn">
<arg>${source}</arg>
<doc>Logs the given message to the console.</doc>
<status status="PASS" starttime="20221028 16:17:29.490" endtime="20221028 16:17:29.490"/>
</kw>
<kw name="Run Keyword And Return Status" library="BuiltIn">
<var>${contains}</var>
<arg>Should Contain</arg>
<arg>${source}</arg>
<arg>${data}</arg>
<doc>Runs the given keyword with given arguments and returns the status as a Boolean value.</doc>
<kw name="Should Contain" library="BuiltIn">
<arg>${source}</arg>
<arg>${data}</arg>
<doc>Fails if ``container`` does not contain ``item`` one or more times.</doc>
<msg timestamp="20221028 16:17:29.492" level="FAIL">'btn 2 m
' does not contain 'Notification from secure data service'</msg>
<status status="FAIL" starttime="20221028 16:17:29.491" endtime="20221028 16:17:29.492"/>
</kw>
<msg timestamp="20221028 16:17:29.492" level="INFO">${contains} = False</msg>
<status status="PASS" starttime="20221028 16:17:29.491" endtime="20221028 16:17:29.493"/>
</kw>
<if>
<branch type="IF" condition="${contains}">
<kw name="Pass Execution" library="BuiltIn">
<arg>""</arg>
<doc>Skips rest of the current test, setup, or teardown with PASS status.</doc>
<status status="NOT RUN" starttime="20221028 16:17:29.493" endtime="20221028 16:17:29.493"/>
</kw>
<status status="NOT RUN" starttime="20221028 16:17:29.493" endtime="20221028 16:17:29.493"/>
</branch>
<status status="PASS" starttime="20221028 16:17:29.493" endtime="20221028 16:17:29.493"/>
</if>
<status status="PASS" starttime="20221028 16:17:29.486" endtime="20221028 16:17:29.493"/>
</iter>
<iter>
<kw name="Read Until" library="SerialLibrary">
<var>${source}</var>
<arg>NONE</arg>
<arg>NONE</arg>
<arg>NONE</arg>
<arg>${port}</arg>
<doc>Read until a termination sequence is found, size exceeded or timeout.</doc>
<msg timestamp="20221028 16:17:29.495" level="INFO">${source} = Medium Button 2 Press
</msg>
<status status="PASS" starttime="20221028 16:17:29.494" endtime="20221028 16:17:29.495"/>
</kw>
<kw name="Log To Console" library="BuiltIn">
<arg>${source}</arg>
<doc>Logs the given message to the console.</doc>
<status status="PASS" starttime="20221028 16:17:29.495" endtime="20221028 16:17:29.496"/>
</kw>
<kw name="Run Keyword And Return Status" library="BuiltIn">
<var>${contains}</var>
<arg>Should Contain</arg>
<arg>${source}</arg>
<arg>${data}</arg>
<doc>Runs the given keyword with given arguments and returns the status as a Boolean value.</doc>
<kw name="Should Contain" library="BuiltIn">
<arg>${source}</arg>
<arg>${data}</arg>
<doc>Fails if ``container`` does not contain ``item`` one or more times.</doc>
<msg timestamp="20221028 16:17:29.497" level="FAIL">'Medium Button 2 Press
' does not contain 'Notification from secure data service'</msg>
<status status="FAIL" starttime="20221028 16:17:29.496" endtime="20221028 16:17:29.497"/>
</kw>
<msg timestamp="20221028 16:17:29.497" level="INFO">${contains} = False</msg>
<status status="PASS" starttime="20221028 16:17:29.496" endtime="20221028 16:17:29.497"/>
</kw>
<if>
<branch type="IF" condition="${contains}">
<kw name="Pass Execution" library="BuiltIn">
<arg>""</arg>
<doc>Skips rest of the current test, setup, or teardown with PASS status.</doc>
<status status="NOT RUN" starttime="20221028 16:17:29.498" endtime="20221028 16:17:29.498"/>
</kw>
<status status="NOT RUN" starttime="20221028 16:17:29.497" endtime="20221028 16:17:29.498"/>
</branch>
<status status="PASS" starttime="20221028 16:17:29.497" endtime="20221028 16:17:29.498"/>
</if>
<status status="PASS" starttime="20221028 16:17:29.494" endtime="20221028 16:17:29.498"/>
</iter>
<iter>
<kw name="Read Until" library="SerialLibrary">
<var>${source}</var>
<arg>NONE</arg>
<arg>NONE</arg>
<arg>NONE</arg>
<arg>${port}</arg>
<doc>Read until a termination sequence is found, size exceeded or timeout.</doc>
<msg timestamp="20221028 16:17:29.499" level="INFO">${source} = &gt; Datc got evt 10
</msg>
<status status="PASS" starttime="20221028 16:17:29.498" endtime="20221028 16:17:29.499"/>
</kw>
<kw name="Log To Console" library="BuiltIn">
<arg>${source}</arg>
<doc>Logs the given message to the console.</doc>
<status status="PASS" starttime="20221028 16:17:29.499" endtime="20221028 16:17:29.499"/>
</kw>
<kw name="Run Keyword And Return Status" library="BuiltIn">
<var>${contains}</var>
<arg>Should Contain</arg>
<arg>${source}</arg>
<arg>${data}</arg>
<doc>Runs the given keyword with given arguments and returns the status as a Boolean value.</doc>
<kw name="Should Contain" library="BuiltIn">
<arg>${source}</arg>
<arg>${data}</arg>
<doc>Fails if ``container`` does not contain ``item`` one or more times.</doc>
<msg timestamp="20221028 16:17:29.500" level="FAIL">'&gt; Datc got evt 10
' does not contain 'Notification from secure data service'</msg>
<status status="FAIL" starttime="20221028 16:17:29.500" endtime="20221028 16:17:29.500"/>
</kw>
<msg timestamp="20221028 16:17:29.500" level="INFO">${contains} = False</msg>
<status status="PASS" starttime="20221028 16:17:29.499" endtime="20221028 16:17:29.500"/>
</kw>
<if>
<branch type="IF" condition="${contains}">
<kw name="Pass Execution" library="BuiltIn">
<arg>""</arg>
<doc>Skips rest of the current test, setup, or teardown with PASS status.</doc>
<status status="NOT RUN" starttime="20221028 16:17:29.501" endtime="20221028 16:17:29.501"/>
</kw>
<status status="NOT RUN" starttime="20221028 16:17:29.501" endtime="20221028 16:17:29.501"/>
</branch>
<status status="PASS" starttime="20221028 16:17:29.500" endtime="20221028 16:17:29.501"/>
</if>
<status status="PASS" starttime="20221028 16:17:29.498" endtime="20221028 16:17:29.501"/>
</iter>
<iter>
<kw name="Read Until" library="SerialLibrary">
<var>${source}</var>
<arg>NONE</arg>
<arg>NONE</arg>
<arg>NONE</arg>
<arg>${port}</arg>
<doc>Read until a termination sequence is found, size exceeded or timeout.</doc>
<msg timestamp="20221028 16:17:29.516" level="INFO">${source} = Datc got evt 13
</msg>
<status status="PASS" starttime="20221028 16:17:29.501" endtime="20221028 16:17:29.517"/>
</kw>
<kw name="Log To Console" library="BuiltIn">
<arg>${source}</arg>
<doc>Logs the given message to the console.</doc>
<status status="PASS" starttime="20221028 16:17:29.517" endtime="20221028 16:17:29.517"/>
</kw>
<kw name="Run Keyword And Return Status" library="BuiltIn">
<var>${contains}</var>
<arg>Should Contain</arg>
<arg>${source}</arg>
<arg>${data}</arg>
<doc>Runs the given keyword with given arguments and returns the status as a Boolean value.</doc>
<kw name="Should Contain" library="BuiltIn">
<arg>${source}</arg>
<arg>${data}</arg>
<doc>Fails if ``container`` does not contain ``item`` one or more times.</doc>
<msg timestamp="20221028 16:17:29.518" level="FAIL">'Datc got evt 13
' does not contain 'Notification from secure data service'</msg>
<status status="FAIL" starttime="20221028 16:17:29.518" endtime="20221028 16:17:29.518"/>
</kw>
<msg timestamp="20221028 16:17:29.519" level="INFO">${contains} = False</msg>
<status status="PASS" starttime="20221028 16:17:29.517" endtime="20221028 16:17:29.519"/>
</kw>
<if>
<branch type="IF" condition="${contains}">
<kw name="Pass Execution" library="BuiltIn">
<arg>""</arg>
<doc>Skips rest of the current test, setup, or teardown with PASS status.</doc>
<status status="NOT RUN" starttime="20221028 16:17:29.519" endtime="20221028 16:17:29.519"/>
</kw>
<status status="NOT RUN" starttime="20221028 16:17:29.519" endtime="20221028 16:17:29.519"/>
</branch>
<status status="PASS" starttime="20221028 16:17:29.519" endtime="20221028 16:17:29.519"/>
</if>
<status status="PASS" starttime="20221028 16:17:29.501" endtime="20221028 16:17:29.519"/>
</iter>
<iter>
<kw name="Read Until" library="SerialLibrary">
<var>${source}</var>
<arg>NONE</arg>
<arg>NONE</arg>
<arg>NONE</arg>
<arg>${port}</arg>
<doc>Read until a termination sequence is found, size exceeded or timeout.</doc>
<msg timestamp="20221028 16:17:29.520" level="INFO">${source} = &gt;&gt; Notification from secure data service &lt;&lt;&lt;
</msg>
<status status="PASS" starttime="20221028 16:17:29.519" endtime="20221028 16:17:29.520"/>
</kw>
<kw name="Log To Console" library="BuiltIn">
<arg>${source}</arg>
<doc>Logs the given message to the console.</doc>
<status status="PASS" starttime="20221028 16:17:29.521" endtime="20221028 16:17:29.521"/>
</kw>
<kw name="Run Keyword And Return Status" library="BuiltIn">
<var>${contains}</var>
<arg>Should Contain</arg>
<arg>${source}</arg>
<arg>${data}</arg>
<doc>Runs the given keyword with given arguments and returns the status as a Boolean value.</doc>
<kw name="Should Contain" library="BuiltIn">
<arg>${source}</arg>
<arg>${data}</arg>
<doc>Fails if ``container`` does not contain ``item`` one or more times.</doc>
<status status="PASS" starttime="20221028 16:17:29.521" endtime="20221028 16:17:29.522"/>
</kw>
<msg timestamp="20221028 16:17:29.522" level="INFO">${contains} = True</msg>
<status status="PASS" starttime="20221028 16:17:29.521" endtime="20221028 16:17:29.522"/>
</kw>
<if>
<branch type="IF" condition="${contains}">
<kw name="Pass Execution" library="BuiltIn">
<arg>""</arg>
<doc>Skips rest of the current test, setup, or teardown with PASS status.</doc>
<msg timestamp="20221028 16:17:29.522" level="INFO">Execution passed with message:
""</msg>
<status status="PASS" starttime="20221028 16:17:29.522" endtime="20221028 16:17:29.523"/>
</kw>
<status status="PASS" starttime="20221028 16:17:29.522" endtime="20221028 16:17:29.523"/>
</branch>
<status status="PASS" starttime="20221028 16:17:29.522" endtime="20221028 16:17:29.523"/>
</if>
<status status="PASS" starttime="20221028 16:17:29.519" endtime="20221028 16:17:29.523"/>
</iter>
<status status="PASS" starttime="20221028 16:17:29.485" endtime="20221028 16:17:29.523"/>
</while>
<kw name="Fail" library="BuiltIn">
<arg>"Test Failed"</arg>
<doc>Fails the test with the given message and optionally alters its tags.</doc>
<status status="NOT RUN" starttime="20221028 16:17:29.523" endtime="20221028 16:17:29.523"/>
</kw>
<timeout value="5 seconds"/>
<status status="PASS" starttime="20221028 16:17:29.484" endtime="20221028 16:17:29.523"/>
</kw>
<timeout value="30 seconds"/>
<status status="PASS" starttime="20221028 16:17:24.480" endtime="20221028 16:17:29.524">""</status>
</test>
<test id="s1-t4" name="Phy Switching Test" line="39">
<kw name="Sleep" library="BuiltIn">
<arg>2</arg>
<doc>Pauses the test executed for the given time.</doc>
<msg timestamp="20221028 16:17:31.525" level="INFO">Slept 2 seconds</msg>
<status status="PASS" starttime="20221028 16:17:29.524" endtime="20221028 16:17:31.525"/>
</kw>
<kw name="Send" library="Serial">
<arg>btn 2 s\n</arg>
<arg>${SERIAL_PORT_1}</arg>
<kw name="Write Data" library="SerialLibrary">
<arg>${data}</arg>
<arg>NONE</arg>
<arg>NONE</arg>
<arg>${port}</arg>
<doc>Writes data into the port.</doc>
<status status="PASS" starttime="20221028 16:17:31.526" endtime="20221028 16:17:31.526"/>
</kw>
<status status="PASS" starttime="20221028 16:17:31.525" endtime="20221028 16:17:31.526"/>
</kw>
<kw name="Expect And Timeout" library="Serial">
<arg>DM_PHY_UPDATE_IND - RX: 2, TX: 2</arg>
<arg>5</arg>
<arg>${SERIAL_PORT_1}</arg>
<kw name="Set Variable" library="BuiltIn">
<var>${EMPTY}</var>
<arg>""</arg>
<doc>Returns the given values which can then be assigned to a variables.</doc>
<msg timestamp="20221028 16:17:31.527" level="INFO">${EMPTY} = ""</msg>
<status status="PASS" starttime="20221028 16:17:31.527" endtime="20221028 16:17:31.527"/>
</kw>
<while condition="True" limit="10000">
<iter>
<kw name="Read Until" library="SerialLibrary">
<var>${source}</var>
<arg>NONE</arg>
<arg>NONE</arg>
<arg>NONE</arg>
<arg>${port}</arg>
<doc>Read until a termination sequence is found, size exceeded or timeout.</doc>
<msg timestamp="20221028 16:17:31.528" level="INFO">${source} = Secure data received!
</msg>
<status status="PASS" starttime="20221028 16:17:31.528" endtime="20221028 16:17:31.528"/>
</kw>
<kw name="Log To Console" library="BuiltIn">
<arg>${source}</arg>
<doc>Logs the given message to the console.</doc>
<status status="PASS" starttime="20221028 16:17:31.528" endtime="20221028 16:17:31.529"/>
</kw>
<kw name="Run Keyword And Return Status" library="BuiltIn">
<var>${contains}</var>
<arg>Should Contain</arg>
<arg>${source}</arg>
<arg>${data}</arg>
<doc>Runs the given keyword with given arguments and returns the status as a Boolean value.</doc>
<kw name="Should Contain" library="BuiltIn">
<arg>${source}</arg>
<arg>${data}</arg>
<doc>Fails if ``container`` does not contain ``item`` one or more times.</doc>
<msg timestamp="20221028 16:17:31.530" level="FAIL">'Secure data received!
' does not contain 'DM_PHY_UPDATE_IND - RX: 2, TX: 2'</msg>
<status status="FAIL" starttime="20221028 16:17:31.529" endtime="20221028 16:17:31.530"/>
</kw>
<msg timestamp="20221028 16:17:31.530" level="INFO">${contains} = False</msg>
<status status="PASS" starttime="20221028 16:17:31.529" endtime="20221028 16:17:31.530"/>
</kw>
<if>
<branch type="IF" condition="${contains}">
<kw name="Pass Execution" library="BuiltIn">
<arg>""</arg>
<doc>Skips rest of the current test, setup, or teardown with PASS status.</doc>
<status status="NOT RUN" starttime="20221028 16:17:31.530" endtime="20221028 16:17:31.530"/>
</kw>
<status status="NOT RUN" starttime="20221028 16:17:31.530" endtime="20221028 16:17:31.531"/>
</branch>
<status status="PASS" starttime="20221028 16:17:31.530" endtime="20221028 16:17:31.531"/>
</if>
<status status="PASS" starttime="20221028 16:17:31.528" endtime="20221028 16:17:31.531"/>
</iter>
<iter>
<kw name="Read Until" library="SerialLibrary">
<var>${source}</var>
<arg>NONE</arg>
<arg>NONE</arg>
<arg>NONE</arg>
<arg>${port}</arg>
<doc>Read until a termination sequence is found, size exceeded or timeout.</doc>
<msg timestamp="20221028 16:17:36.527" level="FAIL">Keyword timeout 5 seconds exceeded.</msg>
<status status="FAIL" starttime="20221028 16:17:31.531" endtime="20221028 16:17:36.528"/>
</kw>
<kw name="Log To Console" library="BuiltIn">
<arg>${source}</arg>
<doc>Logs the given message to the console.</doc>
<status status="NOT RUN" starttime="20221028 16:17:36.528" endtime="20221028 16:17:36.528"/>
</kw>
<kw name="Run Keyword And Return Status" library="BuiltIn">
<var>${contains}</var>
<arg>Should Contain</arg>
<arg>${source}</arg>
<arg>${data}</arg>
<doc>Runs the given keyword with given arguments and returns the status as a Boolean value.</doc>
<status status="NOT RUN" starttime="20221028 16:17:36.528" endtime="20221028 16:17:36.528"/>
</kw>
<if>
<branch type="IF" condition="${contains}">
<kw name="Pass Execution" library="BuiltIn">
<arg>""</arg>
<doc>Skips rest of the current test, setup, or teardown with PASS status.</doc>
<status status="NOT RUN" starttime="20221028 16:17:36.529" endtime="20221028 16:17:36.529"/>
</kw>
<status status="NOT RUN" starttime="20221028 16:17:36.529" endtime="20221028 16:17:36.529"/>
</branch>
<status status="NOT RUN" starttime="20221028 16:17:36.528" endtime="20221028 16:17:36.529"/>
</if>
<status status="FAIL" starttime="20221028 16:17:31.531" endtime="20221028 16:17:36.529"/>
</iter>
<status status="FAIL" starttime="20221028 16:17:31.527" endtime="20221028 16:17:36.529"/>
</while>
<kw name="Fail" library="BuiltIn">
<arg>"Test Failed"</arg>
<doc>Fails the test with the given message and optionally alters its tags.</doc>
<status status="NOT RUN" starttime="20221028 16:17:36.530" endtime="20221028 16:17:36.530"/>
</kw>
<timeout value="5 seconds"/>
<status status="FAIL" starttime="20221028 16:17:31.527" endtime="20221028 16:17:36.530"/>
</kw>
<timeout value="30 seconds"/>
<status status="FAIL" starttime="20221028 16:17:29.524" endtime="20221028 16:17:36.531">Keyword timeout 5 seconds exceeded.</status>
</test>
<test id="s1-t5" name="Speed Test" line="46">
<kw name="Sleep" library="BuiltIn">
<arg>5s</arg>
<doc>Pauses the test executed for the given time.</doc>
<msg timestamp="20221028 16:17:41.533" level="INFO">Slept 5 seconds</msg>
<status status="PASS" starttime="20221028 16:17:36.532" endtime="20221028 16:17:41.533"/>
</kw>
<kw name="Send" library="Serial">
<arg>btn 2 x\n</arg>
<arg>${SERIAL_PORT_1}</arg>
<kw name="Write Data" library="SerialLibrary">
<arg>${data}</arg>
<arg>NONE</arg>
<arg>NONE</arg>
<arg>${port}</arg>
<doc>Writes data into the port.</doc>
<status status="PASS" starttime="20221028 16:17:41.534" endtime="20221028 16:17:41.535"/>
</kw>
<status status="PASS" starttime="20221028 16:17:41.534" endtime="20221028 16:17:41.536"/>
</kw>
<kw name="Expect And Timeout No Verbose" library="Serial">
<arg>bits transferred in</arg>
<arg>120</arg>
<arg>${SERIAL_PORT_1}</arg>
<kw name="Read Until" library="SerialLibrary">
<var>${read}</var>
<arg>${data}</arg>
<arg>NONE</arg>
<arg>NONE</arg>
<arg>${port}</arg>
<doc>Read until a termination sequence is found, size exceeded or timeout.</doc>
<msg timestamp="20221028 16:19:36.532" level="FAIL">Test timeout 2 minutes exceeded.</msg>
<status status="FAIL" starttime="20221028 16:17:41.537" endtime="20221028 16:19:36.532"/>
</kw>
<timeout value="2 minutes"/>
<status status="FAIL" starttime="20221028 16:17:41.536" endtime="20221028 16:19:36.533"/>
</kw>
<timeout value="2 minutes"/>
<status status="FAIL" starttime="20221028 16:17:36.531" endtime="20221028 16:19:36.533">Test timeout 2 minutes exceeded.</status>
</test>
<kw name="Close Serial Port" library="Serial" type="TEARDOWN">
<kw name="Delete All Ports" library="SerialLibrary">
<doc>Deletes all ports maintained in the library instance.</doc>
<status status="PASS" starttime="20221028 16:19:36.535" endtime="20221028 16:19:36.535"/>
</kw>
<status status="PASS" starttime="20221028 16:19:36.534" endtime="20221028 16:19:36.535"/>
</kw>
<status status="FAIL" starttime="20221028 16:16:42.376" endtime="20221028 16:19:36.535"/>
</suite>
<statistics>
<total>
<stat pass="2" fail="3" skip="0">All Tests</stat>
</total>
<tag>
</tag>
<suite>
<stat pass="2" fail="3" skip="0" id="s1" name="BLE dat cs">BLE dat cs</stat>
</suite>
</statistics>
<errors>
</errors>
</robot>
