<?xml version="1.0" encoding="UTF-8"?>
<robot generator="Robot 5.0.1 (Python 3.8.10 on linux)" generated="20220928 14:51:38.600" rpa="false" schemaversion="3">
<suite id="s1" name="BLE FreeRTOS" source="/home/btm-ci/Workspace/BLE-examples-test/Examples_tests/tests/BLE_FreeRTOS.robot">
<kw name="Open Serial Port" library="Serial" type="SETUP">
<arg>${SERIAL_PORT_1}</arg>
<arg>NONE</arg>
<kw name="Add Port" library="SerialLibrary">
<arg>${SERIAL_PORT_1}</arg>
<arg>baudrate=115200</arg>
<arg>bytesize=8</arg>
<arg>parity=N</arg>
<arg>stopbits=1</arg>
<arg>timeout=999</arg>
<doc>Adds new port with specified locator.</doc>
<status status="PASS" starttime="20220928 14:51:38.663" endtime="20220928 14:51:38.665"/>
</kw>
<if>
<branch type="IF" condition="&quot;${SERIAL_PORT_2}&quot; != &quot;NONE&quot;">
<kw name="Add Port" library="SerialLibrary">
<arg>${SERIAL_PORT_2}</arg>
<arg>baudrate=115200</arg>
<arg>bytesize=8</arg>
<arg>parity=N</arg>
<arg>stopbits=1</arg>
<arg>timeout=999</arg>
<doc>Adds new port with specified locator.</doc>
<status status="NOT RUN" starttime="20220928 14:51:38.666" endtime="20220928 14:51:38.666"/>
</kw>
<status status="NOT RUN" starttime="20220928 14:51:38.666" endtime="20220928 14:51:38.666"/>
</branch>
<status status="PASS" starttime="20220928 14:51:38.665" endtime="20220928 14:51:38.666"/>
</if>
<status status="PASS" starttime="20220928 14:51:38.663" endtime="20220928 14:51:38.666"/>
</kw>
<test id="s1-t1" name="Stop Advertising Test" line="13">
<kw name="Sleep" library="BuiltIn">
<arg>5</arg>
<doc>Pauses the test executed for the given time.</doc>
<msg timestamp="20220928 14:51:43.668" level="INFO">Slept 5 seconds</msg>
<status status="PASS" starttime="20220928 14:51:38.667" endtime="20220928 14:51:43.668"/>
</kw>
<kw name="Send" library="Serial">
<arg>btn 2 s\n</arg>
<arg>${SERIAL_PORT_1}</arg>
<kw name="Write Data" library="SerialLibrary">
<arg>${data}</arg>
<arg>NONE</arg>
<arg>NONE</arg>
<arg>${port}</arg>
<doc>Writes data into the port.</doc>
<status status="PASS" starttime="20220928 14:51:43.670" endtime="20220928 14:51:43.671"/>
</kw>
<status status="PASS" starttime="20220928 14:51:43.669" endtime="20220928 14:51:43.671"/>
</kw>
<kw name="Expect And Timeout" library="Serial">
<arg>&gt;&gt;&gt; Advertising stopped &lt;&lt;&lt;</arg>
<arg>10s</arg>
<arg>${SERIAL_PORT_1}</arg>
<kw name="Read Until" library="SerialLibrary">
<var>${read}</var>
<arg>${data}</arg>
<arg>NONE</arg>
<arg>NONE</arg>
<arg>${port}</arg>
<doc>Read until a termination sequence is found, size exceeded or timeout.</doc>
<msg timestamp="20220928 14:51:43.706" level="INFO">${read} = 
-=- MAX32655 BLE FreeRTOS (V10.2.0) Demo -=-
SystemCoreClock = 100000000
terminal: init
32kHz trimed to 0x15
DatsHandlerInit
Calculating database hash
Dats got evt 119
Dats got evt 32
&gt;&gt;&gt; Re...</msg>
<status status="PASS" starttime="20220928 14:51:43.672" endtime="20220928 14:51:43.706"/>
</kw>
<kw name="Log Serial Traffic" library="Serial">
<arg>${read}</arg>
<kw name="Log To Console" library="BuiltIn">
<arg>\n</arg>
<doc>Logs the given message to the console.</doc>
<status status="PASS" starttime="20220928 14:51:43.707" endtime="20220928 14:51:43.708"/>
</kw>
<kw name="Log To Console" library="BuiltIn">
<arg>${data}</arg>
<doc>Logs the given message to the console.</doc>
<status status="PASS" starttime="20220928 14:51:43.708" endtime="20220928 14:51:43.708"/>
</kw>
<kw name="Log To Console" library="BuiltIn">
<arg>\n</arg>
<doc>Logs the given message to the console.</doc>
<status status="PASS" starttime="20220928 14:51:43.708" endtime="20220928 14:51:43.709"/>
</kw>
<status status="PASS" starttime="20220928 14:51:43.707" endtime="20220928 14:51:43.709"/>
</kw>
<timeout value="10 seconds"/>
<status status="PASS" starttime="20220928 14:51:43.671" endtime="20220928 14:51:43.709"/>
</kw>
<timeout value="30 seconds"/>
<status status="PASS" starttime="20220928 14:51:38.667" endtime="20220928 14:51:43.710"/>
</test>
<test id="s1-t2" name="Start Advertising Test" line="21">
<kw name="Send" library="Serial">
<arg>btn 1 s\n</arg>
<arg>${SERIAL_PORT_1}</arg>
<kw name="Write Data" library="SerialLibrary">
<arg>${data}</arg>
<arg>NONE</arg>
<arg>NONE</arg>
<arg>${port}</arg>
<doc>Writes data into the port.</doc>
<status status="PASS" starttime="20220928 14:51:43.712" endtime="20220928 14:51:43.712"/>
</kw>
<status status="PASS" starttime="20220928 14:51:43.711" endtime="20220928 14:51:43.712"/>
</kw>
<kw name="Expect And Timeout" library="Serial">
<arg>&gt;&gt;&gt; Advertising started &lt;&lt;&lt;</arg>
<arg>10s</arg>
<arg>${SERIAL_PORT_1}</arg>
<kw name="Read Until" library="SerialLibrary">
<var>${read}</var>
<arg>${data}</arg>
<arg>NONE</arg>
<arg>NONE</arg>
<arg>${port}</arg>
<doc>Read until a termination sequence is found, size exceeded or timeout.</doc>
<msg timestamp="20220928 14:51:43.754" level="INFO">${read} = 
btn 1 s
Short Button 1 Press
dmAdvActConfig: state: 0
dmAdvActSetData: state: 0
dmAdvActSetData: state: 0
dmAdvActStart: state: 0
&gt; HCI_LE_ADV_ENABLE_CMD_CMPL_CBACK_EVT: state: 3
dmDevPassEvt...</msg>
<status status="PASS" starttime="20220928 14:51:43.713" endtime="20220928 14:51:43.754"/>
</kw>
<kw name="Log Serial Traffic" library="Serial">
<arg>${read}</arg>
<kw name="Log To Console" library="BuiltIn">
<arg>\n</arg>
<doc>Logs the given message to the console.</doc>
<status status="PASS" starttime="20220928 14:51:43.755" endtime="20220928 14:51:43.755"/>
</kw>
<kw name="Log To Console" library="BuiltIn">
<arg>${data}</arg>
<doc>Logs the given message to the console.</doc>
<status status="PASS" starttime="20220928 14:51:43.756" endtime="20220928 14:51:43.756"/>
</kw>
<kw name="Log To Console" library="BuiltIn">
<arg>\n</arg>
<doc>Logs the given message to the console.</doc>
<status status="PASS" starttime="20220928 14:51:43.756" endtime="20220928 14:51:43.757"/>
</kw>
<status status="PASS" starttime="20220928 14:51:43.754" endtime="20220928 14:51:43.757"/>
</kw>
<timeout value="10 seconds"/>
<status status="PASS" starttime="20220928 14:51:43.713" endtime="20220928 14:51:43.757"/>
</kw>
<timeout value="30 seconds"/>
<status status="PASS" starttime="20220928 14:51:43.710" endtime="20220928 14:51:43.757"/>
</test>
<test id="s1-t3" name="Button M Press Test" line="27">
<kw name="Send" library="Serial">
<arg>btn 1 m\n</arg>
<arg>${SERIAL_PORT_1}</arg>
<kw name="Write Data" library="SerialLibrary">
<arg>${data}</arg>
<arg>NONE</arg>
<arg>NONE</arg>
<arg>${port}</arg>
<doc>Writes data into the port.</doc>
<status status="PASS" starttime="20220928 14:51:43.759" endtime="20220928 14:51:43.760"/>
</kw>
<status status="PASS" starttime="20220928 14:51:43.758" endtime="20220928 14:51:43.760"/>
</kw>
<kw name="Expect And Timeout" library="Serial">
<arg>Medium Button 1 Press</arg>
<arg>5s</arg>
<arg>${SERIAL_PORT_1}</arg>
<kw name="Read Until" library="SerialLibrary">
<var>${read}</var>
<arg>${data}</arg>
<arg>NONE</arg>
<arg>NONE</arg>
<arg>${port}</arg>
<doc>Read until a termination sequence is found, size exceeded or timeout.</doc>
<msg timestamp="20220928 14:51:43.767" level="INFO">${read} = 
btn 1 m
Medium Button 1 Press</msg>
<status status="PASS" starttime="20220928 14:51:43.761" endtime="20220928 14:51:43.767"/>
</kw>
<kw name="Log Serial Traffic" library="Serial">
<arg>${read}</arg>
<kw name="Log To Console" library="BuiltIn">
<arg>\n</arg>
<doc>Logs the given message to the console.</doc>
<status status="PASS" starttime="20220928 14:51:43.767" endtime="20220928 14:51:43.768"/>
</kw>
<kw name="Log To Console" library="BuiltIn">
<arg>${data}</arg>
<doc>Logs the given message to the console.</doc>
<status status="PASS" starttime="20220928 14:51:43.768" endtime="20220928 14:51:43.768"/>
</kw>
<kw name="Log To Console" library="BuiltIn">
<arg>\n</arg>
<doc>Logs the given message to the console.</doc>
<status status="PASS" starttime="20220928 14:51:43.769" endtime="20220928 14:51:43.769"/>
</kw>
<status status="PASS" starttime="20220928 14:51:43.767" endtime="20220928 14:51:43.769"/>
</kw>
<timeout value="5 seconds"/>
<status status="PASS" starttime="20220928 14:51:43.760" endtime="20220928 14:51:43.769"/>
</kw>
<timeout value="30 seconds"/>
<status status="PASS" starttime="20220928 14:51:43.758" endtime="20220928 14:51:43.770"/>
</test>
<test id="s1-t4" name="Button L Press Test" line="33">
<kw name="Send" library="Serial">
<arg>btn 1 l\n</arg>
<arg>${SERIAL_PORT_1}</arg>
<kw name="Write Data" library="SerialLibrary">
<arg>${data}</arg>
<arg>NONE</arg>
<arg>NONE</arg>
<arg>${port}</arg>
<doc>Writes data into the port.</doc>
<status status="PASS" starttime="20220928 14:51:43.771" endtime="20220928 14:51:43.772"/>
</kw>
<status status="PASS" starttime="20220928 14:51:43.771" endtime="20220928 14:51:43.772"/>
</kw>
<kw name="Expect And Timeout" library="Serial">
<arg>Clear resolving list status 0x00</arg>
<arg>5S</arg>
<arg>${SERIAL_PORT_1}</arg>
<kw name="Read Until" library="SerialLibrary">
<var>${read}</var>
<arg>${data}</arg>
<arg>NONE</arg>
<arg>NONE</arg>
<arg>${port}</arg>
<doc>Read until a termination sequence is found, size exceeded or timeout.</doc>
<msg timestamp="20220928 14:51:43.796" level="INFO">${read} = 
&gt; btn 1 l
Long Button 1 Press
Clear bonding info
&gt; Dats got evt 60
Clear resolving list status 0x00</msg>
<status status="PASS" starttime="20220928 14:51:43.773" endtime="20220928 14:51:43.796"/>
</kw>
<kw name="Log Serial Traffic" library="Serial">
<arg>${read}</arg>
<kw name="Log To Console" library="BuiltIn">
<arg>\n</arg>
<doc>Logs the given message to the console.</doc>
<status status="PASS" starttime="20220928 14:51:43.796" endtime="20220928 14:51:43.797"/>
</kw>
<kw name="Log To Console" library="BuiltIn">
<arg>${data}</arg>
<doc>Logs the given message to the console.</doc>
<status status="PASS" starttime="20220928 14:51:43.797" endtime="20220928 14:51:43.798"/>
</kw>
<kw name="Log To Console" library="BuiltIn">
<arg>\n</arg>
<doc>Logs the given message to the console.</doc>
<status status="PASS" starttime="20220928 14:51:43.798" endtime="20220928 14:51:43.798"/>
</kw>
<status status="PASS" starttime="20220928 14:51:43.796" endtime="20220928 14:51:43.799"/>
</kw>
<timeout value="5 seconds"/>
<status status="PASS" starttime="20220928 14:51:43.773" endtime="20220928 14:51:43.799"/>
</kw>
<timeout value="30 seconds"/>
<status status="PASS" starttime="20220928 14:51:43.770" endtime="20220928 14:51:43.799"/>
</test>
<test id="s1-t5" name="Button X Press Test" line="39">
<kw name="Send" library="Serial">
<arg>btn 1 x\n</arg>
<arg>${SERIAL_PORT_1}</arg>
<kw name="Write Data" library="SerialLibrary">
<arg>${data}</arg>
<arg>NONE</arg>
<arg>NONE</arg>
<arg>${port}</arg>
<doc>Writes data into the port.</doc>
<status status="PASS" starttime="20220928 14:51:43.801" endtime="20220928 14:51:43.802"/>
</kw>
<status status="PASS" starttime="20220928 14:51:43.800" endtime="20220928 14:51:43.802"/>
</kw>
<kw name="Expect And Timeout" library="Serial">
<arg>Stack Version: Packetcraft Host</arg>
<arg>5S</arg>
<arg>${SERIAL_PORT_1}</arg>
<kw name="Read Until" library="SerialLibrary">
<var>${read}</var>
<arg>${data}</arg>
<arg>NONE</arg>
<arg>NONE</arg>
<arg>${port}</arg>
<doc>Read until a termination sequence is found, size exceeded or timeout.</doc>
<msg timestamp="20220928 14:51:43.824" level="INFO">${read} = 
btn 1 x
XL Button 1 Press
Stack Version: Packetcraft Host</msg>
<status status="PASS" starttime="20220928 14:51:43.803" endtime="20220928 14:51:43.824"/>
</kw>
<kw name="Log Serial Traffic" library="Serial">
<arg>${read}</arg>
<kw name="Log To Console" library="BuiltIn">
<arg>\n</arg>
<doc>Logs the given message to the console.</doc>
<status status="PASS" starttime="20220928 14:51:43.825" endtime="20220928 14:51:43.826"/>
</kw>
<kw name="Log To Console" library="BuiltIn">
<arg>${data}</arg>
<doc>Logs the given message to the console.</doc>
<status status="PASS" starttime="20220928 14:51:43.826" endtime="20220928 14:51:43.826"/>
</kw>
<kw name="Log To Console" library="BuiltIn">
<arg>\n</arg>
<doc>Logs the given message to the console.</doc>
<status status="PASS" starttime="20220928 14:51:43.827" endtime="20220928 14:51:43.827"/>
</kw>
<status status="PASS" starttime="20220928 14:51:43.824" endtime="20220928 14:51:43.827"/>
</kw>
<timeout value="5 seconds"/>
<status status="PASS" starttime="20220928 14:51:43.802" endtime="20220928 14:51:43.828"/>
</kw>
<timeout value="30 seconds"/>
<status status="PASS" starttime="20220928 14:51:43.800" endtime="20220928 14:51:43.828"/>
</test>
<kw name="Close Serial Port" library="Serial" type="TEARDOWN">
<kw name="Delete All Ports" library="SerialLibrary">
<doc>Deletes all ports maintained in the library instance.</doc>
<status status="PASS" starttime="20220928 14:51:43.830" endtime="20220928 14:51:43.836"/>
</kw>
<status status="PASS" starttime="20220928 14:51:43.829" endtime="20220928 14:51:43.837"/>
</kw>
<status status="PASS" starttime="20220928 14:51:38.602" endtime="20220928 14:51:43.837"/>
</suite>
<statistics>
<total>
<stat pass="5" fail="0" skip="0">All Tests</stat>
</total>
<tag>
</tag>
<suite>
<stat pass="5" fail="0" skip="0" id="s1" name="BLE FreeRTOS">BLE FreeRTOS</stat>
</suite>
</statistics>
<errors>
</errors>
</robot>
