<?xml version="1.0" encoding="UTF-8"?>
<robot generator="Robot 5.0.1 (Python 3.8.10 on linux)" generated="20220928 14:51:12.618" rpa="false" schemaversion="3">
<suite id="s1" name="BLE dats" source="/home/btm-ci/Workspace/BLE-examples-test/Examples_tests/tests/BLE_dats.robot">
<kw name="Open Serial Port" library="Serial" type="SETUP">
<arg>${SERIAL_PORT_1}</arg>
<arg>NONE</arg>
<kw name="Add Port" library="SerialLibrary">
<arg>${SERIAL_PORT_1}</arg>
<arg>baudrate=115200</arg>
<arg>bytesize=8</arg>
<arg>parity=N</arg>
<arg>stopbits=1</arg>
<arg>timeout=999</arg>
<doc>Adds new port with specified locator.</doc>
<status status="PASS" starttime="20220928 14:51:12.681" endtime="20220928 14:51:12.684"/>
</kw>
<if>
<branch type="IF" condition="&quot;${SERIAL_PORT_2}&quot; != &quot;NONE&quot;">
<kw name="Add Port" library="SerialLibrary">
<arg>${SERIAL_PORT_2}</arg>
<arg>baudrate=115200</arg>
<arg>bytesize=8</arg>
<arg>parity=N</arg>
<arg>stopbits=1</arg>
<arg>timeout=999</arg>
<doc>Adds new port with specified locator.</doc>
<status status="NOT RUN" starttime="20220928 14:51:12.685" endtime="20220928 14:51:12.685"/>
</kw>
<status status="NOT RUN" starttime="20220928 14:51:12.684" endtime="20220928 14:51:12.685"/>
</branch>
<status status="PASS" starttime="20220928 14:51:12.684" endtime="20220928 14:51:12.685"/>
</if>
<status status="PASS" starttime="20220928 14:51:12.681" endtime="20220928 14:51:12.685"/>
</kw>
<test id="s1-t1" name="Stop Advertising Test" line="13">
<kw name="Sleep" library="BuiltIn">
<arg>5</arg>
<doc>Pauses the test executed for the given time.</doc>
<msg timestamp="20220928 14:51:17.687" level="INFO">Slept 5 seconds</msg>
<status status="PASS" starttime="20220928 14:51:12.686" endtime="20220928 14:51:17.687"/>
</kw>
<kw name="Send" library="Serial">
<arg>btn 2 s\n</arg>
<arg>${SERIAL_PORT_1}</arg>
<kw name="Write Data" library="SerialLibrary">
<arg>${data}</arg>
<arg>NONE</arg>
<arg>NONE</arg>
<arg>${port}</arg>
<doc>Writes data into the port.</doc>
<status status="PASS" starttime="20220928 14:51:17.688" endtime="20220928 14:51:17.689"/>
</kw>
<status status="PASS" starttime="20220928 14:51:17.687" endtime="20220928 14:51:17.689"/>
</kw>
<kw name="Expect And Timeout" library="Serial">
<arg>&gt;&gt;&gt; Advertising stopped &lt;&lt;&lt;</arg>
<arg>10s</arg>
<arg>${SERIAL_PORT_1}</arg>
<kw name="Read Until" library="SerialLibrary">
<var>${read}</var>
<arg>${data}</arg>
<arg>NONE</arg>
<arg>NONE</arg>
<arg>${port}</arg>
<doc>Read until a termination sequence is found, size exceeded or timeout.</doc>
<msg timestamp="20220928 14:51:17.722" level="INFO">${read} = terminal: init
32kHz trimmed to 0x14
DatsHandlerInit
Dats got evt 32
&gt;&gt;&gt; Reset complete &lt;&lt;&lt;
dmAdvActConfig: state: 0
dmAdvActSetData: state: 0
dmAdvActSetData: state: 0
dmAdvActStart: state: 0...</msg>
<status status="PASS" starttime="20220928 14:51:17.691" endtime="20220928 14:51:17.723"/>
</kw>
<kw name="Log Serial Traffic" library="Serial">
<arg>${read}</arg>
<kw name="Log To Console" library="BuiltIn">
<arg>\n</arg>
<doc>Logs the given message to the console.</doc>
<status status="PASS" starttime="20220928 14:51:17.723" endtime="20220928 14:51:17.724"/>
</kw>
<kw name="Log To Console" library="BuiltIn">
<arg>${data}</arg>
<doc>Logs the given message to the console.</doc>
<status status="PASS" starttime="20220928 14:51:17.724" endtime="20220928 14:51:17.724"/>
</kw>
<kw name="Log To Console" library="BuiltIn">
<arg>\n</arg>
<doc>Logs the given message to the console.</doc>
<status status="PASS" starttime="20220928 14:51:17.724" endtime="20220928 14:51:17.725"/>
</kw>
<status status="PASS" starttime="20220928 14:51:17.723" endtime="20220928 14:51:17.725"/>
</kw>
<timeout value="10 seconds"/>
<status status="PASS" starttime="20220928 14:51:17.689" endtime="20220928 14:51:17.725"/>
</kw>
<timeout value="30 seconds"/>
<status status="PASS" starttime="20220928 14:51:12.686" endtime="20220928 14:51:17.725"/>
</test>
<test id="s1-t2" name="Start Advertising Test" line="21">
<kw name="Send" library="Serial">
<arg>btn 1 s\n</arg>
<arg>${SERIAL_PORT_1}</arg>
<kw name="Write Data" library="SerialLibrary">
<arg>${data}</arg>
<arg>NONE</arg>
<arg>NONE</arg>
<arg>${port}</arg>
<doc>Writes data into the port.</doc>
<status status="PASS" starttime="20220928 14:51:17.727" endtime="20220928 14:51:17.728"/>
</kw>
<status status="PASS" starttime="20220928 14:51:17.727" endtime="20220928 14:51:17.728"/>
</kw>
<kw name="Expect And Timeout" library="Serial">
<arg>&gt;&gt;&gt; Advertising started &lt;&lt;&lt;</arg>
<arg>10s</arg>
<arg>${SERIAL_PORT_1}</arg>
<kw name="Read Until" library="SerialLibrary">
<var>${read}</var>
<arg>${data}</arg>
<arg>NONE</arg>
<arg>NONE</arg>
<arg>${port}</arg>
<doc>Read until a termination sequence is found, size exceeded or timeout.</doc>
<msg timestamp="20220928 14:51:17.770" level="INFO">${read} = 
btn 1 s
Short Button 1 Press
&gt; dmAdvActConfig: state: 0
dmAdvActSetData: state: 0
dmAdvActSetData: state: 0
dmAdvActStart: state: 0
HCI_LE_ADV_ENABLE_CMD_CMPL_CBACK_EVT: state: 3
dmDevPassEvt...</msg>
<status status="PASS" starttime="20220928 14:51:17.729" endtime="20220928 14:51:17.770"/>
</kw>
<kw name="Log Serial Traffic" library="Serial">
<arg>${read}</arg>
<kw name="Log To Console" library="BuiltIn">
<arg>\n</arg>
<doc>Logs the given message to the console.</doc>
<status status="PASS" starttime="20220928 14:51:17.771" endtime="20220928 14:51:17.771"/>
</kw>
<kw name="Log To Console" library="BuiltIn">
<arg>${data}</arg>
<doc>Logs the given message to the console.</doc>
<status status="PASS" starttime="20220928 14:51:17.771" endtime="20220928 14:51:17.772"/>
</kw>
<kw name="Log To Console" library="BuiltIn">
<arg>\n</arg>
<doc>Logs the given message to the console.</doc>
<status status="PASS" starttime="20220928 14:51:17.772" endtime="20220928 14:51:17.773"/>
</kw>
<status status="PASS" starttime="20220928 14:51:17.770" endtime="20220928 14:51:17.773"/>
</kw>
<timeout value="10 seconds"/>
<status status="PASS" starttime="20220928 14:51:17.728" endtime="20220928 14:51:17.773"/>
</kw>
<timeout value="30 seconds"/>
<status status="PASS" starttime="20220928 14:51:17.726" endtime="20220928 14:51:17.773"/>
</test>
<test id="s1-t3" name="Button M Press Test" line="27">
<kw name="Send" library="Serial">
<arg>btn 1 m\n</arg>
<arg>${SERIAL_PORT_1}</arg>
<kw name="Write Data" library="SerialLibrary">
<arg>${data}</arg>
<arg>NONE</arg>
<arg>NONE</arg>
<arg>${port}</arg>
<doc>Writes data into the port.</doc>
<status status="PASS" starttime="20220928 14:51:17.775" endtime="20220928 14:51:17.776"/>
</kw>
<status status="PASS" starttime="20220928 14:51:17.775" endtime="20220928 14:51:17.776"/>
</kw>
<kw name="Expect And Timeout" library="Serial">
<arg>Medium Button 1 Press</arg>
<arg>5s</arg>
<arg>${SERIAL_PORT_1}</arg>
<kw name="Read Until" library="SerialLibrary">
<var>${read}</var>
<arg>${data}</arg>
<arg>NONE</arg>
<arg>NONE</arg>
<arg>${port}</arg>
<doc>Read until a termination sequence is found, size exceeded or timeout.</doc>
<msg timestamp="20220928 14:51:17.782" level="INFO">${read} = 
btn 1 m
Medium Button 1 Press</msg>
<status status="PASS" starttime="20220928 14:51:17.778" endtime="20220928 14:51:17.782"/>
</kw>
<kw name="Log Serial Traffic" library="Serial">
<arg>${read}</arg>
<kw name="Log To Console" library="BuiltIn">
<arg>\n</arg>
<doc>Logs the given message to the console.</doc>
<status status="PASS" starttime="20220928 14:51:17.782" endtime="20220928 14:51:17.783"/>
</kw>
<kw name="Log To Console" library="BuiltIn">
<arg>${data}</arg>
<doc>Logs the given message to the console.</doc>
<status status="PASS" starttime="20220928 14:51:17.783" endtime="20220928 14:51:17.783"/>
</kw>
<kw name="Log To Console" library="BuiltIn">
<arg>\n</arg>
<doc>Logs the given message to the console.</doc>
<status status="PASS" starttime="20220928 14:51:17.783" endtime="20220928 14:51:17.784"/>
</kw>
<status status="PASS" starttime="20220928 14:51:17.782" endtime="20220928 14:51:17.784"/>
</kw>
<timeout value="5 seconds"/>
<status status="PASS" starttime="20220928 14:51:17.777" endtime="20220928 14:51:17.784"/>
</kw>
<timeout value="30 seconds"/>
<status status="PASS" starttime="20220928 14:51:17.774" endtime="20220928 14:51:17.784"/>
</test>
<test id="s1-t4" name="Button L Press Test" line="33">
<kw name="Send" library="Serial">
<arg>btn 1 l\n</arg>
<arg>${SERIAL_PORT_1}</arg>
<kw name="Write Data" library="SerialLibrary">
<arg>${data}</arg>
<arg>NONE</arg>
<arg>NONE</arg>
<arg>${port}</arg>
<doc>Writes data into the port.</doc>
<status status="PASS" starttime="20220928 14:51:17.786" endtime="20220928 14:51:17.787"/>
</kw>
<status status="PASS" starttime="20220928 14:51:17.786" endtime="20220928 14:51:17.787"/>
</kw>
<kw name="Expect And Timeout" library="Serial">
<arg>Clear resolving list status 0x00</arg>
<arg>5S</arg>
<arg>${SERIAL_PORT_1}</arg>
<kw name="Read Until" library="SerialLibrary">
<var>${read}</var>
<arg>${data}</arg>
<arg>NONE</arg>
<arg>NONE</arg>
<arg>${port}</arg>
<doc>Read until a termination sequence is found, size exceeded or timeout.</doc>
<msg timestamp="20220928 14:51:17.810" level="INFO">${read} = 
&gt; btn 1 l
Long Button 1 Press
Clear bonding info
&gt; Dats got evt 60
Clear resolving list status 0x00</msg>
<status status="PASS" starttime="20220928 14:51:17.788" endtime="20220928 14:51:17.810"/>
</kw>
<kw name="Log Serial Traffic" library="Serial">
<arg>${read}</arg>
<kw name="Log To Console" library="BuiltIn">
<arg>\n</arg>
<doc>Logs the given message to the console.</doc>
<status status="PASS" starttime="20220928 14:51:17.810" endtime="20220928 14:51:17.811"/>
</kw>
<kw name="Log To Console" library="BuiltIn">
<arg>${data}</arg>
<doc>Logs the given message to the console.</doc>
<status status="PASS" starttime="20220928 14:51:17.811" endtime="20220928 14:51:17.811"/>
</kw>
<kw name="Log To Console" library="BuiltIn">
<arg>\n</arg>
<doc>Logs the given message to the console.</doc>
<status status="PASS" starttime="20220928 14:51:17.811" endtime="20220928 14:51:17.812"/>
</kw>
<status status="PASS" starttime="20220928 14:51:17.810" endtime="20220928 14:51:17.812"/>
</kw>
<timeout value="5 seconds"/>
<status status="PASS" starttime="20220928 14:51:17.787" endtime="20220928 14:51:17.812"/>
</kw>
<timeout value="30 seconds"/>
<status status="PASS" starttime="20220928 14:51:17.785" endtime="20220928 14:51:17.812"/>
</test>
<test id="s1-t5" name="Button X Press Test" line="39">
<kw name="Send" library="Serial">
<arg>btn 1 x\n</arg>
<arg>${SERIAL_PORT_1}</arg>
<kw name="Write Data" library="SerialLibrary">
<arg>${data}</arg>
<arg>NONE</arg>
<arg>NONE</arg>
<arg>${port}</arg>
<doc>Writes data into the port.</doc>
<status status="PASS" starttime="20220928 14:51:17.814" endtime="20220928 14:51:17.815"/>
</kw>
<status status="PASS" starttime="20220928 14:51:17.813" endtime="20220928 14:51:17.815"/>
</kw>
<kw name="Expect And Timeout" library="Serial">
<arg>Stack Version: Packetcraft Host</arg>
<arg>5S</arg>
<arg>${SERIAL_PORT_1}</arg>
<kw name="Read Until" library="SerialLibrary">
<var>${read}</var>
<arg>${data}</arg>
<arg>NONE</arg>
<arg>NONE</arg>
<arg>${port}</arg>
<doc>Read until a termination sequence is found, size exceeded or timeout.</doc>
<msg timestamp="20220928 14:51:17.837" level="INFO">${read} = 
btn 1 x
XL Button 1 Press
Stack Version: Packetcraft Host</msg>
<status status="PASS" starttime="20220928 14:51:17.816" endtime="20220928 14:51:17.837"/>
</kw>
<kw name="Log Serial Traffic" library="Serial">
<arg>${read}</arg>
<kw name="Log To Console" library="BuiltIn">
<arg>\n</arg>
<doc>Logs the given message to the console.</doc>
<status status="PASS" starttime="20220928 14:51:17.838" endtime="20220928 14:51:17.838"/>
</kw>
<kw name="Log To Console" library="BuiltIn">
<arg>${data}</arg>
<doc>Logs the given message to the console.</doc>
<status status="PASS" starttime="20220928 14:51:17.838" endtime="20220928 14:51:17.839"/>
</kw>
<kw name="Log To Console" library="BuiltIn">
<arg>\n</arg>
<doc>Logs the given message to the console.</doc>
<status status="PASS" starttime="20220928 14:51:17.839" endtime="20220928 14:51:17.839"/>
</kw>
<status status="PASS" starttime="20220928 14:51:17.837" endtime="20220928 14:51:17.839"/>
</kw>
<timeout value="5 seconds"/>
<status status="PASS" starttime="20220928 14:51:17.815" endtime="20220928 14:51:17.840"/>
</kw>
<timeout value="30 seconds"/>
<status status="PASS" starttime="20220928 14:51:17.813" endtime="20220928 14:51:17.840"/>
</test>
<kw name="Close Serial Port" library="Serial" type="TEARDOWN">
<kw name="Delete All Ports" library="SerialLibrary">
<doc>Deletes all ports maintained in the library instance.</doc>
<status status="PASS" starttime="20220928 14:51:17.841" endtime="20220928 14:51:17.849"/>
</kw>
<status status="PASS" starttime="20220928 14:51:17.841" endtime="20220928 14:51:17.849"/>
</kw>
<status status="PASS" starttime="20220928 14:51:12.620" endtime="20220928 14:51:17.849"/>
</suite>
<statistics>
<total>
<stat pass="5" fail="0" skip="0">All Tests</stat>
</total>
<tag>
</tag>
<suite>
<stat pass="5" fail="0" skip="0" id="s1" name="BLE dats">BLE dats</stat>
</suite>
</statistics>
<errors>
</errors>
</robot>
