<?xml version="1.0" encoding="UTF-8"?>
<robot generator="Robot 5.0.1 (Python 3.8.10 on linux)" generated="20220928 14:50:59.089" rpa="false" schemaversion="3">
<suite id="s1" name="BLE datc" source="/home/btm-ci/Workspace/BLE-examples-test/Examples_tests/tests/BLE_datc.robot">
<kw name="Open Serial Port" library="Serial" type="SETUP">
<arg>${SERIAL_PORT_1}</arg>
<arg>NONE</arg>
<kw name="Add Port" library="SerialLibrary">
<arg>${SERIAL_PORT_1}</arg>
<arg>baudrate=115200</arg>
<arg>bytesize=8</arg>
<arg>parity=N</arg>
<arg>stopbits=1</arg>
<arg>timeout=999</arg>
<doc>Adds new port with specified locator.</doc>
<status status="PASS" starttime="20220928 14:50:59.162" endtime="20220928 14:50:59.165"/>
</kw>
<if>
<branch type="IF" condition="&quot;${SERIAL_PORT_2}&quot; != &quot;NONE&quot;">
<kw name="Add Port" library="SerialLibrary">
<arg>${SERIAL_PORT_2}</arg>
<arg>baudrate=115200</arg>
<arg>bytesize=8</arg>
<arg>parity=N</arg>
<arg>stopbits=1</arg>
<arg>timeout=999</arg>
<doc>Adds new port with specified locator.</doc>
<status status="NOT RUN" starttime="20220928 14:50:59.165" endtime="20220928 14:50:59.165"/>
</kw>
<status status="NOT RUN" starttime="20220928 14:50:59.165" endtime="20220928 14:50:59.165"/>
</branch>
<status status="PASS" starttime="20220928 14:50:59.165" endtime="20220928 14:50:59.166"/>
</if>
<status status="PASS" starttime="20220928 14:50:59.161" endtime="20220928 14:50:59.166"/>
</kw>
<test id="s1-t1" name="Stop Scanning Test" line="13">
<kw name="Sleep" library="BuiltIn">
<arg>5s</arg>
<doc>Pauses the test executed for the given time.</doc>
<msg timestamp="20220928 14:51:04.167" level="INFO">Slept 5 seconds</msg>
<status status="PASS" starttime="20220928 14:50:59.167" endtime="20220928 14:51:04.168"/>
</kw>
<kw name="Send" library="Serial">
<arg>btn 1 s\n</arg>
<arg>${SERIAL_PORT_1}</arg>
<kw name="Write Data" library="SerialLibrary">
<arg>${data}</arg>
<arg>NONE</arg>
<arg>NONE</arg>
<arg>${port}</arg>
<doc>Writes data into the port.</doc>
<status status="PASS" starttime="20220928 14:51:04.169" endtime="20220928 14:51:04.170"/>
</kw>
<status status="PASS" starttime="20220928 14:51:04.168" endtime="20220928 14:51:04.170"/>
</kw>
<kw name="Expect And Timeout" library="Serial">
<arg>&gt;&gt;&gt; Scanning stopped &lt;&lt;&lt;</arg>
<arg>10s</arg>
<arg>${SERIAL_PORT_1}</arg>
<kw name="Read Until" library="SerialLibrary">
<var>${read}</var>
<arg>${data}</arg>
<arg>NONE</arg>
<arg>NONE</arg>
<arg>${port}</arg>
<doc>Read until a termination sequence is found, size exceeded or timeout.</doc>
<msg timestamp="20220928 14:51:04.198" level="INFO">${read} = terminal: init
32kHz trimmed to 0x14
DatcHandlerInit
Datc got evt 32
&gt;&gt;&gt; Reset complete &lt;&lt;&lt;
Datc got evt 21
Database hash updated
Datc got evt 153
dmDevPassEvtToDevPriv: event: 12, param: 36, ...</msg>
<status status="PASS" starttime="20220928 14:51:04.171" endtime="20220928 14:51:04.198"/>
</kw>
<kw name="Log Serial Traffic" library="Serial">
<arg>${read}</arg>
<kw name="Log To Console" library="BuiltIn">
<arg>\n</arg>
<doc>Logs the given message to the console.</doc>
<status status="PASS" starttime="20220928 14:51:04.199" endtime="20220928 14:51:04.200"/>
</kw>
<kw name="Log To Console" library="BuiltIn">
<arg>${data}</arg>
<doc>Logs the given message to the console.</doc>
<status status="PASS" starttime="20220928 14:51:04.200" endtime="20220928 14:51:04.200"/>
</kw>
<kw name="Log To Console" library="BuiltIn">
<arg>\n</arg>
<doc>Logs the given message to the console.</doc>
<status status="PASS" starttime="20220928 14:51:04.200" endtime="20220928 14:51:04.201"/>
</kw>
<status status="PASS" starttime="20220928 14:51:04.199" endtime="20220928 14:51:04.201"/>
</kw>
<timeout value="10 seconds"/>
<status status="PASS" starttime="20220928 14:51:04.170" endtime="20220928 14:51:04.201"/>
</kw>
<timeout value="30 seconds"/>
<status status="PASS" starttime="20220928 14:50:59.166" endtime="20220928 14:51:04.202"/>
</test>
<test id="s1-t2" name="Button Press Test" line="20">
<kw name="Send" library="Serial">
<arg>btn 1 m\n</arg>
<arg>${SERIAL_PORT_1}</arg>
<kw name="Write Data" library="SerialLibrary">
<arg>${data}</arg>
<arg>NONE</arg>
<arg>NONE</arg>
<arg>${port}</arg>
<doc>Writes data into the port.</doc>
<status status="PASS" starttime="20220928 14:51:04.204" endtime="20220928 14:51:04.204"/>
</kw>
<status status="PASS" starttime="20220928 14:51:04.203" endtime="20220928 14:51:04.204"/>
</kw>
<kw name="Expect And Timeout" library="Serial">
<arg>Medium Button 1 Press</arg>
<arg>5s</arg>
<arg>${SERIAL_PORT_1}</arg>
<kw name="Read Until" library="SerialLibrary">
<var>${read}</var>
<arg>${data}</arg>
<arg>NONE</arg>
<arg>NONE</arg>
<arg>${port}</arg>
<doc>Read until a termination sequence is found, size exceeded or timeout.</doc>
<msg timestamp="20220928 14:51:04.226" level="INFO">${read} = 
btn 1 m
Medium Button 1 Press</msg>
<status status="PASS" starttime="20220928 14:51:04.206" endtime="20220928 14:51:04.226"/>
</kw>
<kw name="Log Serial Traffic" library="Serial">
<arg>${read}</arg>
<kw name="Log To Console" library="BuiltIn">
<arg>\n</arg>
<doc>Logs the given message to the console.</doc>
<status status="PASS" starttime="20220928 14:51:04.227" endtime="20220928 14:51:04.228"/>
</kw>
<kw name="Log To Console" library="BuiltIn">
<arg>${data}</arg>
<doc>Logs the given message to the console.</doc>
<status status="PASS" starttime="20220928 14:51:04.228" endtime="20220928 14:51:04.228"/>
</kw>
<kw name="Log To Console" library="BuiltIn">
<arg>\n</arg>
<doc>Logs the given message to the console.</doc>
<status status="PASS" starttime="20220928 14:51:04.229" endtime="20220928 14:51:04.229"/>
</kw>
<status status="PASS" starttime="20220928 14:51:04.227" endtime="20220928 14:51:04.229"/>
</kw>
<timeout value="5 seconds"/>
<status status="PASS" starttime="20220928 14:51:04.205" endtime="20220928 14:51:04.230"/>
</kw>
<timeout value="30 seconds"/>
<status status="PASS" starttime="20220928 14:51:04.202" endtime="20220928 14:51:04.230"/>
</test>
<test id="s1-t3" name="No button Action Test" line="25">
<kw name="Send" library="Serial">
<arg>btn 2 s\n</arg>
<arg>${SERIAL_PORT_1}</arg>
<kw name="Write Data" library="SerialLibrary">
<arg>${data}</arg>
<arg>NONE</arg>
<arg>NONE</arg>
<arg>${port}</arg>
<doc>Writes data into the port.</doc>
<status status="PASS" starttime="20220928 14:51:04.232" endtime="20220928 14:51:04.233"/>
</kw>
<status status="PASS" starttime="20220928 14:51:04.231" endtime="20220928 14:51:04.233"/>
</kw>
<kw name="Expect And Timeout" library="Serial">
<arg>No action assigned</arg>
<arg>5s</arg>
<arg>${SERIAL_PORT_1}</arg>
<kw name="Read Until" library="SerialLibrary">
<var>${read}</var>
<arg>${data}</arg>
<arg>NONE</arg>
<arg>NONE</arg>
<arg>${port}</arg>
<doc>Read until a termination sequence is found, size exceeded or timeout.</doc>
<msg timestamp="20220928 14:51:04.243" level="INFO">${read} = 
ConnID for Button Press: 2
&gt; btn 2 s
Short Button 2 Press
 - No action assigned</msg>
<status status="PASS" starttime="20220928 14:51:04.234" endtime="20220928 14:51:04.243"/>
</kw>
<kw name="Log Serial Traffic" library="Serial">
<arg>${read}</arg>
<kw name="Log To Console" library="BuiltIn">
<arg>\n</arg>
<doc>Logs the given message to the console.</doc>
<status status="PASS" starttime="20220928 14:51:04.244" endtime="20220928 14:51:04.244"/>
</kw>
<kw name="Log To Console" library="BuiltIn">
<arg>${data}</arg>
<doc>Logs the given message to the console.</doc>
<status status="PASS" starttime="20220928 14:51:04.244" endtime="20220928 14:51:04.245"/>
</kw>
<kw name="Log To Console" library="BuiltIn">
<arg>\n</arg>
<doc>Logs the given message to the console.</doc>
<status status="PASS" starttime="20220928 14:51:04.245" endtime="20220928 14:51:04.245"/>
</kw>
<status status="PASS" starttime="20220928 14:51:04.243" endtime="20220928 14:51:04.246"/>
</kw>
<timeout value="5 seconds"/>
<status status="PASS" starttime="20220928 14:51:04.233" endtime="20220928 14:51:04.246"/>
</kw>
<timeout value="30 seconds"/>
<status status="PASS" starttime="20220928 14:51:04.230" endtime="20220928 14:51:04.246"/>
</test>
<test id="s1-t4" name="Clearing Bond Info Test" line="30">
<kw name="Send" library="Serial">
<arg>btn 1 l\n</arg>
<arg>${SERIAL_PORT_1}</arg>
<kw name="Write Data" library="SerialLibrary">
<arg>${data}</arg>
<arg>NONE</arg>
<arg>NONE</arg>
<arg>${port}</arg>
<doc>Writes data into the port.</doc>
<status status="PASS" starttime="20220928 14:51:04.248" endtime="20220928 14:51:04.248"/>
</kw>
<status status="PASS" starttime="20220928 14:51:04.247" endtime="20220928 14:51:04.249"/>
</kw>
<kw name="Expect And Timeout" library="Serial">
<arg>Clear bonding info</arg>
<arg>10s</arg>
<arg>${SERIAL_PORT_1}</arg>
<kw name="Read Until" library="SerialLibrary">
<var>${read}</var>
<arg>${data}</arg>
<arg>NONE</arg>
<arg>NONE</arg>
<arg>${port}</arg>
<doc>Read until a termination sequence is found, size exceeded or timeout.</doc>
<msg timestamp="20220928 14:51:04.271" level="INFO">${read} = 
&gt; btn 1 l
Long Button 1 Press
Clear bonding info</msg>
<status status="PASS" starttime="20220928 14:51:04.250" endtime="20220928 14:51:04.271"/>
</kw>
<kw name="Log Serial Traffic" library="Serial">
<arg>${read}</arg>
<kw name="Log To Console" library="BuiltIn">
<arg>\n</arg>
<doc>Logs the given message to the console.</doc>
<status status="PASS" starttime="20220928 14:51:04.271" endtime="20220928 14:51:04.272"/>
</kw>
<kw name="Log To Console" library="BuiltIn">
<arg>${data}</arg>
<doc>Logs the given message to the console.</doc>
<status status="PASS" starttime="20220928 14:51:04.272" endtime="20220928 14:51:04.272"/>
</kw>
<kw name="Log To Console" library="BuiltIn">
<arg>\n</arg>
<doc>Logs the given message to the console.</doc>
<status status="PASS" starttime="20220928 14:51:04.273" endtime="20220928 14:51:04.273"/>
</kw>
<status status="PASS" starttime="20220928 14:51:04.271" endtime="20220928 14:51:04.273"/>
</kw>
<timeout value="10 seconds"/>
<status status="PASS" starttime="20220928 14:51:04.249" endtime="20220928 14:51:04.274"/>
</kw>
<timeout value="30 seconds"/>
<status status="PASS" starttime="20220928 14:51:04.246" endtime="20220928 14:51:04.274"/>
</test>
<kw name="Close Serial Port" library="Serial" type="TEARDOWN">
<kw name="Delete All Ports" library="SerialLibrary">
<doc>Deletes all ports maintained in the library instance.</doc>
<status status="PASS" starttime="20220928 14:51:04.275" endtime="20220928 14:51:04.283"/>
</kw>
<status status="PASS" starttime="20220928 14:51:04.275" endtime="20220928 14:51:04.283"/>
</kw>
<status status="PASS" starttime="20220928 14:50:59.090" endtime="20220928 14:51:04.283"/>
</suite>
<statistics>
<total>
<stat pass="4" fail="0" skip="0">All Tests</stat>
</total>
<tag>
</tag>
<suite>
<stat pass="4" fail="0" skip="0" id="s1" name="BLE datc">BLE datc</stat>
</suite>
</statistics>
<errors>
</errors>
</robot>
